------------------------------------------------------------------------------------------------------------------------

[2020-07-08 08:13:22 #1 store] 
Database 'D:\OfficielProject\IFT287_TP2\AubergeInn\ift287_6db.odb' is opened by 27244@DESKTOP-UE5C00P

[2020-07-08 08:13:22 #2 store] 
Configuration path: ?

[2020-07-08 08:13:22 #3 type] 
Type AubergeInn.TupleClient is not enhanced.

[2020-07-08 08:13:23 #4 type] 
Type AubergeInn.TupleReservation is not enhanced.

[2020-07-08 08:13:23 #5 type] 
Type AubergeInn.TupleChambre is not enhanced.

[2020-07-08 08:13:23 #6 type] 
Type AubergeInn.TupleCommodite is not enhanced.

[2020-07-08 08:13:23 #7 type] 
Type AubergeInn.TupleInclusionCommodite is not enhanced.

[2020-07-08 08:18:44 #8 store] 
Database 'D:\OfficielProject\IFT287_TP2\AubergeInn\ift287_6db.odb' is closed by 27244@DESKTOP-UE5C00P

------------------------------------------------------------------------------------------------------------------------

[2020-07-08 08:19:09 #1 store] 
Database 'D:\OfficielProject\IFT287_TP2\AubergeInn\ift287_6db.odb' is opened by 29676@DESKTOP-UE5C00P

[2020-07-08 08:19:09 #2 store] 
Configuration path: ?

[2020-07-08 08:19:09 #3 type] 
Type AubergeInn.TupleClient is not enhanced.

[2020-07-08 08:19:09 #4 type] 
Type AubergeInn.TupleReservation is not enhanced.

[2020-07-08 08:19:09 #5 type] 
Type AubergeInn.TupleChambre is not enhanced.

[2020-07-08 08:19:09 #6 type] 
Type AubergeInn.TupleCommodite is not enhanced.

[2020-07-08 08:19:09 #7 type] 
Type AubergeInn.TupleInclusionCommodite is not enhanced.

[2020-07-08 08:19:18 #8 store] 
Database 'D:\OfficielProject\IFT287_TP2\AubergeInn\ift287_6db.odb' is closed by 29676@DESKTOP-UE5C00P

------------------------------------------------------------------------------------------------------------------------

[2020-07-08 08:21:21 #1 store] 
Database 'D:\OfficielProject\IFT287_TP2\AubergeInn\ift287_6db.odb' is opened by 11256@DESKTOP-UE5C00P

[2020-07-08 08:21:21 #2 store] 
Configuration path: ?

[2020-07-08 08:21:21 #3 type.registry] 
New type AubergeInn.TupleClient

[2020-07-08 08:21:21 #4 type] 
Type AubergeInn.TupleClient is not enhanced.

[2020-07-08 08:21:21 #5 type.registry] 
New type AubergeInn.TupleReservation

[2020-07-08 08:21:21 #6 type] 
Type AubergeInn.TupleReservation is not enhanced.

[2020-07-08 08:21:21 #7 type.registry] 
New type AubergeInn.TupleChambre

[2020-07-08 08:21:21 #8 type] 
Type AubergeInn.TupleChambre is not enhanced.

[2020-07-08 08:21:21 #9 type.registry] 
New type AubergeInn.TupleCommodite

[2020-07-08 08:21:21 #10 type] 
Type AubergeInn.TupleCommodite is not enhanced.

[2020-07-08 08:21:21 #11 type.registry] 
New type AubergeInn.TupleInclusionCommodite

[2020-07-08 08:21:21 #12 type] 
Type AubergeInn.TupleInclusionCommodite is not enhanced.

[2020-07-08 08:21:21 #13 store] 
Database 'D:\OfficielProject\IFT287_TP2\AubergeInn\ift287_6db.odb' is closed by 11256@DESKTOP-UE5C00P

------------------------------------------------------------------------------------------------------------------------

[2020-07-08 08:29:07 #1 store] 
Database 'D:\OfficielProject\IFT287_TP2\AubergeInn\ift287_6db.odb' is opened by 5088@DESKTOP-UE5C00P

[2020-07-08 08:29:07 #2 store] 
Configuration path: ?

[2020-07-08 08:29:07 #3 type] 
Type AubergeInn.TupleClient is not enhanced.

[2020-07-08 08:29:07 #4 type] 
Type AubergeInn.TupleReservation is not enhanced.

[2020-07-08 08:29:07 #5 type] 
Type AubergeInn.TupleChambre is not enhanced.

[2020-07-08 08:29:07 #6 type] 
Type AubergeInn.TupleCommodite is not enhanced.

[2020-07-08 08:29:07 #7 type] 
Type AubergeInn.TupleInclusionCommodite is not enhanced.

[2020-07-08 08:29:07 #8 store] 
Database 'D:\OfficielProject\IFT287_TP2\AubergeInn\ift287_6db.odb' is closed by 5088@DESKTOP-UE5C00P

------------------------------------------------------------------------------------------------------------------------

[2020-07-08 08:35:22 #1 type.registry] 
New type AubergeInn.TupleClient

[2020-07-08 08:35:22 #2 type] 
Type AubergeInn.TupleClient is not enhanced.

[2020-07-08 08:35:22 #3 type.registry] 
New type AubergeInn.TupleReservation

[2020-07-08 08:35:22 #4 type] 
Type AubergeInn.TupleReservation is not enhanced.

[2020-07-08 08:35:22 #5 type.registry] 
New type AubergeInn.TupleChambre

[2020-07-08 08:35:22 #6 type] 
Type AubergeInn.TupleChambre is not enhanced.

[2020-07-08 08:35:22 #7 type.registry] 
New type AubergeInn.TupleCommodite

[2020-07-08 08:35:22 #8 type] 
Type AubergeInn.TupleCommodite is not enhanced.

[2020-07-08 08:35:22 #9 type.registry] 
New type AubergeInn.TupleInclusionCommodite

[2020-07-08 08:35:22 #10 type] 
Type AubergeInn.TupleInclusionCommodite is not enhanced.

------------------------------------------------------------------------------------------------------------------------

[2020-07-08 08:37:30 #1 type.registry] 
New type AubergeInn.TupleClient

[2020-07-08 08:37:30 #2 type] 
Type AubergeInn.TupleClient is not enhanced.

[2020-07-08 08:37:30 #3 type.registry] 
New type AubergeInn.TupleReservation

[2020-07-08 08:37:30 #4 type] 
Type AubergeInn.TupleReservation is not enhanced.

[2020-07-08 08:37:30 #5 type.registry] 
New type AubergeInn.TupleChambre

[2020-07-08 08:37:30 #6 type] 
Type AubergeInn.TupleChambre is not enhanced.

[2020-07-08 08:37:30 #7 type.registry] 
New type AubergeInn.TupleCommodite

[2020-07-08 08:37:30 #8 type] 
Type AubergeInn.TupleCommodite is not enhanced.

[2020-07-08 08:37:30 #9 type.registry] 
New type AubergeInn.TupleInclusionCommodite

[2020-07-08 08:37:30 #10 type] 
Type AubergeInn.TupleInclusionCommodite is not enhanced.

------------------------------------------------------------------------------------------------------------------------

[2020-07-08 09:13:21 #1 type.registry] 
New type AubergeInn.TupleClient

[2020-07-08 09:13:21 #2 type] 
Type AubergeInn.TupleClient is not enhanced.

[2020-07-08 09:13:21 #3 type.registry] 
New type AubergeInn.TupleReservation

[2020-07-08 09:13:21 #4 type] 
Type AubergeInn.TupleReservation is not enhanced.

[2020-07-08 09:13:21 #5 type.registry] 
New type AubergeInn.TupleChambre

[2020-07-08 09:13:21 #6 type] 
Type AubergeInn.TupleChambre is not enhanced.

[2020-07-08 09:13:21 #7 type.registry] 
New type AubergeInn.TupleCommodite

[2020-07-08 09:13:21 #8 type] 
Type AubergeInn.TupleCommodite is not enhanced.

[2020-07-08 09:13:21 #9 type.registry] 
New type AubergeInn.TupleInclusionCommodite

[2020-07-08 09:13:21 #10 type] 
Type AubergeInn.TupleInclusionCommodite is not enhanced.

------------------------------------------------------------------------------------------------------------------------

[2020-07-08 09:41:03 #1 type.registry] 
New type AubergeInn.TupleClient

[2020-07-08 09:41:03 #2 type] 
Type AubergeInn.TupleClient is not enhanced.

[2020-07-08 09:41:03 #3 type.registry] 
New type AubergeInn.TupleReservation

[2020-07-08 09:41:03 #4 type] 
Type AubergeInn.TupleReservation is not enhanced.

[2020-07-08 09:41:03 #5 type.registry] 
New type AubergeInn.TupleChambre

[2020-07-08 09:41:03 #6 type] 
Type AubergeInn.TupleChambre is not enhanced.

[2020-07-08 09:41:03 #7 type.registry] 
New type AubergeInn.TupleCommodite

[2020-07-08 09:41:03 #8 type] 
Type AubergeInn.TupleCommodite is not enhanced.

[2020-07-08 09:41:04 #9 type.registry] 
New type java.util.ArrayList<java.lang.Object>

[2020-07-08 09:41:04 #10 type.registry] 
New type java.util.ArrayList<AubergeInn.TupleCommodite>

------------------------------------------------------------------------------------------------------------------------

[2020-07-08 09:41:34 #1 type] 
Type AubergeInn.TupleClient is not enhanced.

[2020-07-08 09:41:34 #2 type] 
Type AubergeInn.TupleReservation is not enhanced.

[2020-07-08 09:41:34 #3 type] 
Type AubergeInn.TupleChambre is not enhanced.

[2020-07-08 09:41:34 #4 type] 
Type AubergeInn.TupleCommodite is not enhanced.

------------------------------------------------------------------------------------------------------------------------

[2020-07-08 09:43:40 #1 type] 
Type AubergeInn.TupleClient is not enhanced.

[2020-07-08 09:43:40 #2 type] 
Type AubergeInn.TupleReservation is not enhanced.

[2020-07-08 09:43:40 #3 type] 
Type AubergeInn.TupleChambre is not enhanced.

[2020-07-08 09:43:40 #4 type] 
Type AubergeInn.TupleCommodite is not enhanced.

------------------------------------------------------------------------------------------------------------------------

[2020-07-08 09:53:15 #1 type] 
Type AubergeInn.TupleClient is not enhanced.

[2020-07-08 09:53:15 #2 type] 
Type AubergeInn.TupleReservation is not enhanced.

[2020-07-08 09:53:15 #3 type] 
Type AubergeInn.TupleChambre is not enhanced.

[2020-07-08 09:53:15 #4 type] 
Type AubergeInn.TupleCommodite is not enhanced.

------------------------------------------------------------------------------------------------------------------------

[2020-07-08 09:53:37 #1 type] 
Type AubergeInn.TupleClient is not enhanced.

[2020-07-08 09:53:37 #2 type] 
Type AubergeInn.TupleReservation is not enhanced.

[2020-07-08 09:53:37 #3 type] 
Type AubergeInn.TupleChambre is not enhanced.

[2020-07-08 09:53:37 #4 type] 
Type AubergeInn.TupleCommodite is not enhanced.

