------------------------------------------------------------------------------------------------------------------------

[2020-07-03 08:58:27 #1 store] 
Database 'D:\OfficielProject\IFT287_TP2\AubergeInn\ift287_6db.odb' has been recovered (tr. 1-4)

[2020-07-03 08:58:27 #2 store] 
Database 'D:\OfficielProject\IFT287_TP2\AubergeInn\ift287_6db.odb' is opened by 27028@DESKTOP-UE5C00P

[2020-07-03 08:58:27 #3 store] 
Configuration path: ?

[2020-07-03 08:58:27 #4 type] 
Type AubergeInn.TupleClient is not enhanced.

[2020-07-03 08:58:27 #5 type] 
Type AubergeInn.TupleReservation is not enhanced.

------------------------------------------------------------------------------------------------------------------------

[2020-07-03 09:30:12 #1 store] 
Database 'D:\OfficielProject\IFT287_TP2\AubergeInn\ift287_6db.odb' has been recovered (tr. 5-5)

[2020-07-03 09:30:12 #2 store] 
Database 'D:\OfficielProject\IFT287_TP2\AubergeInn\ift287_6db.odb' is opened by 26260@DESKTOP-UE5C00P

[2020-07-03 09:30:12 #3 store] 
Configuration path: ?

[2020-07-03 09:30:12 #4 type] 
Type AubergeInn.TupleClient is not enhanced.

[2020-07-03 09:30:12 #5 type] 
Type AubergeInn.TupleReservation is not enhanced.

[2020-07-03 09:30:12 #6 type.registry] 
New type AubergeInn.TupleChambre

[2020-07-03 09:30:12 #7 type] 
Type AubergeInn.TupleChambre is not enhanced.

[2020-07-03 09:30:12 #8 type.registry] 
New type AubergeInn.TupleCommodite

[2020-07-03 09:30:59 #9 type.registry] 
New type java.util.ArrayList<java.lang.Object>

------------------------------------------------------------------------------------------------------------------------

[2020-07-03 09:31:41 #1 store] 
Database 'D:\OfficielProject\IFT287_TP2\AubergeInn\ift287_6db.odb' is opened by 20584@DESKTOP-UE5C00P

[2020-07-03 09:31:41 #2 store] 
Configuration path: ?

[2020-07-03 09:31:41 #3 type.registry] 
New type AubergeInn.TupleClient

[2020-07-03 09:31:41 #4 type] 
Type AubergeInn.TupleClient is not enhanced.

[2020-07-03 09:31:41 #5 type.registry] 
New type AubergeInn.TupleReservation

[2020-07-03 09:31:41 #6 type] 
Type AubergeInn.TupleReservation is not enhanced.

[2020-07-03 09:31:41 #7 type.registry] 
New type AubergeInn.TupleChambre

[2020-07-03 09:31:41 #8 type] 
Type AubergeInn.TupleChambre is not enhanced.

[2020-07-03 09:31:41 #9 type.registry] 
New type AubergeInn.TupleCommodite

[2020-07-03 09:32:02 #10 type.registry] 
New type java.util.ArrayList<java.lang.Object>

------------------------------------------------------------------------------------------------------------------------

[2020-07-03 09:32:30 #1 store] 
Database 'D:\OfficielProject\IFT287_TP2\AubergeInn\ift287_6db.odb' has been recovered (tr. 1-5)

[2020-07-03 09:32:30 #2 store] 
Database 'D:\OfficielProject\IFT287_TP2\AubergeInn\ift287_6db.odb' is opened by 25784@DESKTOP-UE5C00P

[2020-07-03 09:32:30 #3 store] 
Configuration path: ?

[2020-07-03 09:32:30 #4 type] 
Type AubergeInn.TupleClient is not enhanced.

[2020-07-03 09:32:30 #5 type] 
Type AubergeInn.TupleReservation is not enhanced.

[2020-07-03 09:32:30 #6 type] 
Type AubergeInn.TupleChambre is not enhanced.

------------------------------------------------------------------------------------------------------------------------

[2020-07-03 09:34:14 #1 store] 
Database 'D:\OfficielProject\IFT287_TP2\AubergeInn\ift287_6db.odb' is opened by 20468@DESKTOP-UE5C00P

[2020-07-03 09:34:14 #2 store] 
Configuration path: ?

[2020-07-03 09:34:14 #3 type] 
Type AubergeInn.TupleClient is not enhanced.

[2020-07-03 09:34:14 #4 type] 
Type AubergeInn.TupleReservation is not enhanced.

[2020-07-03 09:34:14 #5 type] 
Type AubergeInn.TupleChambre is not enhanced.

[2020-07-03 09:34:22 #6 type.registry] 
New type java.util.ArrayList<AubergeInn.TupleCommodite>

------------------------------------------------------------------------------------------------------------------------

[2020-07-03 10:28:14 #1 store] 
Database 'D:\OfficielProject\IFT287_TP2\AubergeInn\ift287_6db.odb' is opened by 22716@DESKTOP-UE5C00P

[2020-07-03 10:28:14 #2 store] 
Configuration path: ?

[2020-07-03 10:28:14 #3 type.registry] 
New type AubergeInn.TupleClient

[2020-07-03 10:28:14 #4 type] 
Type AubergeInn.TupleClient is not enhanced.

[2020-07-03 10:28:14 #5 type.registry] 
New type AubergeInn.TupleReservation

[2020-07-03 10:28:14 #6 type] 
Type AubergeInn.TupleReservation is not enhanced.

[2020-07-03 10:28:14 #7 type.registry] 
New type AubergeInn.TupleChambre

[2020-07-03 10:28:14 #8 type] 
Type AubergeInn.TupleChambre is not enhanced.

[2020-07-03 10:28:14 #9 type.registry] 
New type AubergeInn.TupleCommodite

[2020-07-03 10:28:14 #10 type] 
Type AubergeInn.TupleCommodite is not enhanced.

[2020-07-03 10:28:14 #11 type.registry] 
New type AubergeInn.TupleInclusionCommodite

[2020-07-03 10:28:14 #12 type] 
Type AubergeInn.TupleInclusionCommodite is not enhanced.

------------------------------------------------------------------------------------------------------------------------

[2020-07-03 10:28:45 #1 store] 
Database 'D:\OfficielProject\IFT287_TP2\AubergeInn\ift287_6db.odb' has been recovered (tr. 1-5)

[2020-07-03 10:28:45 #2 store] 
Database 'D:\OfficielProject\IFT287_TP2\AubergeInn\ift287_6db.odb' is opened by 16500@DESKTOP-UE5C00P

[2020-07-03 10:28:45 #3 store] 
Configuration path: ?

[2020-07-03 10:28:45 #4 type] 
Type AubergeInn.TupleClient is not enhanced.

[2020-07-03 10:28:45 #5 type] 
Type AubergeInn.TupleReservation is not enhanced.

[2020-07-03 10:28:45 #6 type] 
Type AubergeInn.TupleChambre is not enhanced.

[2020-07-03 10:28:45 #7 type] 
Type AubergeInn.TupleCommodite is not enhanced.

[2020-07-03 10:28:45 #8 type] 
Type AubergeInn.TupleInclusionCommodite is not enhanced.

[2020-07-03 10:28:45 #9 type.registry] 
New type java.util.ArrayList<java.lang.Object>

[2020-07-03 10:28:45 #10 type.registry] 
New type java.util.ArrayList<AubergeInn.TupleCommodite>

[2020-07-03 10:28:55 #11 store] 
Database 'D:\OfficielProject\IFT287_TP2\AubergeInn\ift287_6db.odb' is closed by 16500@DESKTOP-UE5C00P

------------------------------------------------------------------------------------------------------------------------

[2020-07-03 10:30:37 #1 store] 
Database 'D:\OfficielProject\IFT287_TP2\AubergeInn\ift287_6db.odb' is opened by 23340@DESKTOP-UE5C00P

[2020-07-03 10:30:37 #2 store] 
Configuration path: ?

[2020-07-03 10:30:37 #3 type.registry] 
New type AubergeInn.TupleClient

[2020-07-03 10:30:37 #4 type] 
Type AubergeInn.TupleClient is not enhanced.

[2020-07-03 10:30:37 #5 type.registry] 
New type AubergeInn.TupleReservation

[2020-07-03 10:30:37 #6 type] 
Type AubergeInn.TupleReservation is not enhanced.

[2020-07-03 10:30:37 #7 type.registry] 
New type AubergeInn.TupleChambre

[2020-07-03 10:30:37 #8 type] 
Type AubergeInn.TupleChambre is not enhanced.

[2020-07-03 10:30:37 #9 type.registry] 
New type AubergeInn.TupleCommodite

[2020-07-03 10:30:37 #10 type] 
Type AubergeInn.TupleCommodite is not enhanced.

[2020-07-03 10:30:37 #11 type.registry] 
New type AubergeInn.TupleInclusionCommodite

[2020-07-03 10:30:37 #12 type] 
Type AubergeInn.TupleInclusionCommodite is not enhanced.

[2020-07-03 10:30:38 #13 type.registry] 
New type java.util.ArrayList<java.lang.Object>

[2020-07-03 10:30:38 #14 type.registry] 
New type java.util.ArrayList<AubergeInn.TupleCommodite>

------------------------------------------------------------------------------------------------------------------------

[2020-07-03 10:31:56 #1 store] 
Database 'D:\OfficielProject\IFT287_TP2\AubergeInn\ift287_6db.odb' is opened by 25804@DESKTOP-UE5C00P

[2020-07-03 10:31:56 #2 store] 
Configuration path: ?

[2020-07-03 10:31:56 #3 type.registry] 
New type AubergeInn.TupleClient

[2020-07-03 10:31:56 #4 type] 
Type AubergeInn.TupleClient is not enhanced.

[2020-07-03 10:31:56 #5 type.registry] 
New type AubergeInn.TupleReservation

[2020-07-03 10:31:56 #6 type] 
Type AubergeInn.TupleReservation is not enhanced.

[2020-07-03 10:31:56 #7 type.registry] 
New type AubergeInn.TupleChambre

[2020-07-03 10:31:56 #8 type] 
Type AubergeInn.TupleChambre is not enhanced.

[2020-07-03 10:31:56 #9 type.registry] 
New type AubergeInn.TupleCommodite

[2020-07-03 10:31:56 #10 type] 
Type AubergeInn.TupleCommodite is not enhanced.

[2020-07-03 10:31:56 #11 type.registry] 
New type AubergeInn.TupleInclusionCommodite

[2020-07-03 10:31:56 #12 type] 
Type AubergeInn.TupleInclusionCommodite is not enhanced.

[2020-07-03 10:31:57 #13 type.registry] 
New type java.util.ArrayList<java.lang.Object>

[2020-07-03 10:31:57 #14 type.registry] 
New type java.util.ArrayList<AubergeInn.TupleCommodite>

[2020-07-03 10:32:26 #15 store] 
Database 'D:\OfficielProject\IFT287_TP2\AubergeInn\ift287_6db.odb' is closed by 25804@DESKTOP-UE5C00P

------------------------------------------------------------------------------------------------------------------------

[2020-07-03 10:33:45 #1 store] 
Database 'D:\OfficielProject\IFT287_TP2\AubergeInn\ift287_6db.odb' is opened by 23824@DESKTOP-UE5C00P

[2020-07-03 10:33:45 #2 store] 
Configuration path: ?

[2020-07-03 10:33:45 #3 type] 
Type AubergeInn.TupleClient is not enhanced.

[2020-07-03 10:33:45 #4 type] 
Type AubergeInn.TupleReservation is not enhanced.

[2020-07-03 10:33:45 #5 type] 
Type AubergeInn.TupleChambre is not enhanced.

[2020-07-03 10:33:45 #6 type] 
Type AubergeInn.TupleCommodite is not enhanced.

[2020-07-03 10:33:45 #7 type] 
Type AubergeInn.TupleInclusionCommodite is not enhanced.

[2020-07-03 10:34:13 #8 store] 
Database 'D:\OfficielProject\IFT287_TP2\AubergeInn\ift287_6db.odb' is closed by 23824@DESKTOP-UE5C00P

------------------------------------------------------------------------------------------------------------------------

[2020-07-03 10:34:30 #1 store] 
Database 'D:\OfficielProject\IFT287_TP2\AubergeInn\ift287_6db.odb' is opened by 2236@DESKTOP-UE5C00P

[2020-07-03 10:34:30 #2 store] 
Configuration path: ?

[2020-07-03 10:34:30 #3 type] 
Type AubergeInn.TupleClient is not enhanced.

[2020-07-03 10:34:30 #4 type] 
Type AubergeInn.TupleReservation is not enhanced.

[2020-07-03 10:34:30 #5 type] 
Type AubergeInn.TupleChambre is not enhanced.

[2020-07-03 10:34:30 #6 type] 
Type AubergeInn.TupleCommodite is not enhanced.

[2020-07-03 10:34:30 #7 type] 
Type AubergeInn.TupleInclusionCommodite is not enhanced.

[2020-07-03 10:35:10 #8 store] 
Database 'D:\OfficielProject\IFT287_TP2\AubergeInn\ift287_6db.odb' is closed by 2236@DESKTOP-UE5C00P

------------------------------------------------------------------------------------------------------------------------

[2020-07-03 10:36:37 #1 store] 
Database 'D:\OfficielProject\IFT287_TP2\AubergeInn\ift287_6db.odb' is opened by 25044@DESKTOP-UE5C00P

[2020-07-03 10:36:37 #2 store] 
Configuration path: ?

[2020-07-03 10:36:37 #3 type] 
Type AubergeInn.TupleClient is not enhanced.

[2020-07-03 10:36:37 #4 type] 
Type AubergeInn.TupleReservation is not enhanced.

[2020-07-03 10:36:37 #5 type] 
Type AubergeInn.TupleChambre is not enhanced.

[2020-07-03 10:36:37 #6 type] 
Type AubergeInn.TupleCommodite is not enhanced.

[2020-07-03 10:36:37 #7 type] 
Type AubergeInn.TupleInclusionCommodite is not enhanced.

------------------------------------------------------------------------------------------------------------------------

[2020-07-03 10:40:03 #1 store] 
Database 'D:\OfficielProject\IFT287_TP2\AubergeInn\ift287_6db.odb' has been recovered (tr. 42-47)

[2020-07-03 10:40:03 #2 store] 
Database 'D:\OfficielProject\IFT287_TP2\AubergeInn\ift287_6db.odb' is opened by 21772@DESKTOP-UE5C00P

[2020-07-03 10:40:03 #3 store] 
Configuration path: ?

[2020-07-03 10:40:03 #4 type] 
Type AubergeInn.TupleClient is not enhanced.

[2020-07-03 10:40:03 #5 type] 
Type AubergeInn.TupleReservation is not enhanced.

[2020-07-03 10:40:03 #6 type] 
Type AubergeInn.TupleChambre is not enhanced.

[2020-07-03 10:40:03 #7 type] 
Type AubergeInn.TupleCommodite is not enhanced.

[2020-07-03 10:40:03 #8 type] 
Type AubergeInn.TupleInclusionCommodite is not enhanced.

[2020-07-03 10:40:10 #9 store] 
Database 'D:\OfficielProject\IFT287_TP2\AubergeInn\ift287_6db.odb' is closed by 21772@DESKTOP-UE5C00P

------------------------------------------------------------------------------------------------------------------------

[2020-07-03 10:41:17 #1 store] 
Database 'D:\OfficielProject\IFT287_TP2\AubergeInn\ift287_6db.odb' is opened by 14508@DESKTOP-UE5C00P

[2020-07-03 10:41:17 #2 store] 
Configuration path: ?

[2020-07-03 10:41:18 #3 type.registry] 
New type AubergeInn.TupleClient

[2020-07-03 10:41:18 #4 type] 
Type AubergeInn.TupleClient is not enhanced.

[2020-07-03 10:41:18 #5 type.registry] 
New type AubergeInn.TupleReservation

[2020-07-03 10:41:18 #6 type] 
Type AubergeInn.TupleReservation is not enhanced.

[2020-07-03 10:41:18 #7 type.registry] 
New type AubergeInn.TupleChambre

[2020-07-03 10:41:18 #8 type] 
Type AubergeInn.TupleChambre is not enhanced.

[2020-07-03 10:41:18 #9 type.registry] 
New type AubergeInn.TupleCommodite

[2020-07-03 10:41:18 #10 type] 
Type AubergeInn.TupleCommodite is not enhanced.

[2020-07-03 10:41:18 #11 type.registry] 
New type AubergeInn.TupleInclusionCommodite

[2020-07-03 10:41:18 #12 type] 
Type AubergeInn.TupleInclusionCommodite is not enhanced.

[2020-07-03 10:41:25 #13 type.registry] 
New type java.util.ArrayList<java.lang.Object>

[2020-07-03 10:41:25 #14 type.registry] 
New type java.util.ArrayList<AubergeInn.TupleCommodite>

[2020-07-03 10:41:33 #15 store] 
Database 'D:\OfficielProject\IFT287_TP2\AubergeInn\ift287_6db.odb' is closed by 14508@DESKTOP-UE5C00P

------------------------------------------------------------------------------------------------------------------------

[2020-07-03 10:41:42 #1 store] 
Database 'D:\OfficielProject\IFT287_TP2\AubergeInn\ift287_6db.odb' is opened by 21616@DESKTOP-UE5C00P

[2020-07-03 10:41:42 #2 store] 
Configuration path: ?

[2020-07-03 10:41:42 #3 type] 
Type AubergeInn.TupleClient is not enhanced.

[2020-07-03 10:41:42 #4 type] 
Type AubergeInn.TupleReservation is not enhanced.

[2020-07-03 10:41:42 #5 type] 
Type AubergeInn.TupleChambre is not enhanced.

[2020-07-03 10:41:42 #6 type] 
Type AubergeInn.TupleCommodite is not enhanced.

[2020-07-03 10:41:42 #7 type] 
Type AubergeInn.TupleInclusionCommodite is not enhanced.

[2020-07-03 10:41:42 #8 store] 
Database 'D:\OfficielProject\IFT287_TP2\AubergeInn\ift287_6db.odb' is closed by 21616@DESKTOP-UE5C00P

------------------------------------------------------------------------------------------------------------------------

[2020-07-03 10:42:22 #1 store] 
Database 'D:\OfficielProject\IFT287_TP2\AubergeInn\ift287_6db.odb' is opened by 2348@DESKTOP-UE5C00P

[2020-07-03 10:42:22 #2 store] 
Configuration path: ?

[2020-07-03 10:42:22 #3 type] 
Type AubergeInn.TupleClient is not enhanced.

[2020-07-03 10:42:22 #4 type] 
Type AubergeInn.TupleReservation is not enhanced.

[2020-07-03 10:42:22 #5 type] 
Type AubergeInn.TupleChambre is not enhanced.

[2020-07-03 10:42:22 #6 type] 
Type AubergeInn.TupleCommodite is not enhanced.

[2020-07-03 10:42:22 #7 type] 
Type AubergeInn.TupleInclusionCommodite is not enhanced.

[2020-07-03 10:42:22 #8 store] 
Database 'D:\OfficielProject\IFT287_TP2\AubergeInn\ift287_6db.odb' is closed by 2348@DESKTOP-UE5C00P

------------------------------------------------------------------------------------------------------------------------

[2020-07-03 10:42:25 #1 store] 
Database 'D:\OfficielProject\IFT287_TP2\AubergeInn\ift287_6db.odb' is opened by 24076@DESKTOP-UE5C00P

[2020-07-03 10:42:25 #2 store] 
Configuration path: ?

[2020-07-03 10:42:25 #3 type] 
Type AubergeInn.TupleClient is not enhanced.

[2020-07-03 10:42:25 #4 type] 
Type AubergeInn.TupleReservation is not enhanced.

[2020-07-03 10:42:25 #5 type] 
Type AubergeInn.TupleChambre is not enhanced.

[2020-07-03 10:42:25 #6 type] 
Type AubergeInn.TupleCommodite is not enhanced.

[2020-07-03 10:42:25 #7 type] 
Type AubergeInn.TupleInclusionCommodite is not enhanced.

[2020-07-03 10:42:25 #8 store] 
Database 'D:\OfficielProject\IFT287_TP2\AubergeInn\ift287_6db.odb' is closed by 24076@DESKTOP-UE5C00P

------------------------------------------------------------------------------------------------------------------------

[2020-07-03 10:47:07 #1 store] 
Database 'D:\OfficielProject\IFT287_TP2\AubergeInn\ift287_6db.odb' is opened by 26084@DESKTOP-UE5C00P

[2020-07-03 10:47:07 #2 store] 
Configuration path: ?

[2020-07-03 10:47:07 #3 type] 
Type AubergeInn.TupleClient is not enhanced.

[2020-07-03 10:47:07 #4 type] 
Type AubergeInn.TupleReservation is not enhanced.

[2020-07-03 10:47:07 #5 type] 
Type AubergeInn.TupleChambre is not enhanced.

[2020-07-03 10:47:07 #6 type] 
Type AubergeInn.TupleCommodite is not enhanced.

[2020-07-03 10:47:07 #7 type] 
Type AubergeInn.TupleInclusionCommodite is not enhanced.

[2020-07-03 10:48:27 #8 store] 
Database 'D:\OfficielProject\IFT287_TP2\AubergeInn\ift287_6db.odb' is closed by 26084@DESKTOP-UE5C00P

------------------------------------------------------------------------------------------------------------------------

[2020-07-03 10:48:33 #1 store] 
Database 'D:\OfficielProject\IFT287_TP2\AubergeInn\ift287_6db.odb' is opened by 26904@DESKTOP-UE5C00P

[2020-07-03 10:48:33 #2 store] 
Configuration path: ?

[2020-07-03 10:48:33 #3 type] 
Type AubergeInn.TupleClient is not enhanced.

[2020-07-03 10:48:33 #4 type] 
Type AubergeInn.TupleReservation is not enhanced.

[2020-07-03 10:48:33 #5 type] 
Type AubergeInn.TupleChambre is not enhanced.

[2020-07-03 10:48:33 #6 type] 
Type AubergeInn.TupleCommodite is not enhanced.

[2020-07-03 10:48:33 #7 type] 
Type AubergeInn.TupleInclusionCommodite is not enhanced.

[2020-07-03 10:49:17 #8 store] 
Database 'D:\OfficielProject\IFT287_TP2\AubergeInn\ift287_6db.odb' is closed by 26904@DESKTOP-UE5C00P

------------------------------------------------------------------------------------------------------------------------

[2020-07-03 10:49:26 #1 store] 
Database 'D:\OfficielProject\IFT287_TP2\AubergeInn\ift287_6db.odb' is opened by 21836@DESKTOP-UE5C00P

[2020-07-03 10:49:26 #2 store] 
Configuration path: ?

[2020-07-03 10:49:26 #3 type] 
Type AubergeInn.TupleClient is not enhanced.

[2020-07-03 10:49:27 #4 type] 
Type AubergeInn.TupleReservation is not enhanced.

[2020-07-03 10:49:27 #5 type] 
Type AubergeInn.TupleChambre is not enhanced.

[2020-07-03 10:49:27 #6 type] 
Type AubergeInn.TupleCommodite is not enhanced.

[2020-07-03 10:49:27 #7 type] 
Type AubergeInn.TupleInclusionCommodite is not enhanced.

[2020-07-03 10:51:07 #8 store] 
Database 'D:\OfficielProject\IFT287_TP2\AubergeInn\ift287_6db.odb' is closed by 21836@DESKTOP-UE5C00P

------------------------------------------------------------------------------------------------------------------------

[2020-07-03 10:51:11 #1 store] 
Database 'D:\OfficielProject\IFT287_TP2\AubergeInn\ift287_6db.odb' is opened by 25720@DESKTOP-UE5C00P

[2020-07-03 10:51:11 #2 store] 
Configuration path: ?

[2020-07-03 10:51:11 #3 type] 
Type AubergeInn.TupleClient is not enhanced.

[2020-07-03 10:51:11 #4 type] 
Type AubergeInn.TupleReservation is not enhanced.

[2020-07-03 10:51:11 #5 type] 
Type AubergeInn.TupleChambre is not enhanced.

[2020-07-03 10:51:11 #6 type] 
Type AubergeInn.TupleCommodite is not enhanced.

[2020-07-03 10:51:11 #7 type] 
Type AubergeInn.TupleInclusionCommodite is not enhanced.

[2020-07-03 10:51:14 #8 store] 
Database 'D:\OfficielProject\IFT287_TP2\AubergeInn\ift287_6db.odb' is closed by 25720@DESKTOP-UE5C00P

------------------------------------------------------------------------------------------------------------------------

[2020-07-03 10:56:21 #1 store] 
Database 'D:\OfficielProject\IFT287_TP2\AubergeInn\ift287_6db.odb' is opened by 22436@DESKTOP-UE5C00P

[2020-07-03 10:56:21 #2 store] 
Configuration path: ?

[2020-07-03 10:56:21 #3 type] 
Type AubergeInn.TupleClient is not enhanced.

[2020-07-03 10:56:21 #4 type] 
Type AubergeInn.TupleReservation is not enhanced.

[2020-07-03 10:56:21 #5 type] 
Type AubergeInn.TupleChambre is not enhanced.

[2020-07-03 10:56:21 #6 type] 
Type AubergeInn.TupleCommodite is not enhanced.

[2020-07-03 10:56:21 #7 type] 
Type AubergeInn.TupleInclusionCommodite is not enhanced.

[2020-07-03 10:56:26 #8 store] 
Database 'D:\OfficielProject\IFT287_TP2\AubergeInn\ift287_6db.odb' is closed by 22436@DESKTOP-UE5C00P

------------------------------------------------------------------------------------------------------------------------

[2020-07-03 10:56:35 #1 store] 
Database 'D:\OfficielProject\IFT287_TP2\AubergeInn\ift287_6db.odb' is opened by 25164@DESKTOP-UE5C00P

[2020-07-03 10:56:35 #2 store] 
Configuration path: ?

[2020-07-03 10:56:35 #3 type] 
Type AubergeInn.TupleClient is not enhanced.

[2020-07-03 10:56:35 #4 type] 
Type AubergeInn.TupleReservation is not enhanced.

[2020-07-03 10:56:35 #5 type] 
Type AubergeInn.TupleChambre is not enhanced.

[2020-07-03 10:56:35 #6 type] 
Type AubergeInn.TupleCommodite is not enhanced.

[2020-07-03 10:56:35 #7 type] 
Type AubergeInn.TupleInclusionCommodite is not enhanced.

[2020-07-03 10:56:35 #8 store] 
Database 'D:\OfficielProject\IFT287_TP2\AubergeInn\ift287_6db.odb' is closed by 25164@DESKTOP-UE5C00P

------------------------------------------------------------------------------------------------------------------------

[2020-07-03 14:22:16 #1 store] 
Database 'D:\OfficielProject\IFT287_TP2\AubergeInn\ift287_6db.odb' is opened by 25660@DESKTOP-UE5C00P

[2020-07-03 14:22:16 #2 store] 
Configuration path: ?

[2020-07-03 14:22:16 #3 type.registry] 
New type AubergeInn.TupleClient

[2020-07-03 14:22:16 #4 type] 
Type AubergeInn.TupleClient is not enhanced.

[2020-07-03 14:22:16 #5 type.registry] 
New type AubergeInn.TupleReservation

[2020-07-03 14:22:16 #6 type] 
Type AubergeInn.TupleReservation is not enhanced.

[2020-07-03 14:22:16 #7 type.registry] 
New type AubergeInn.TupleChambre

[2020-07-03 14:22:16 #8 type] 
Type AubergeInn.TupleChambre is not enhanced.

[2020-07-03 14:22:16 #9 type.registry] 
New type AubergeInn.TupleCommodite

[2020-07-03 14:22:16 #10 type] 
Type AubergeInn.TupleCommodite is not enhanced.

[2020-07-03 14:22:16 #11 type.registry] 
New type AubergeInn.TupleInclusionCommodite

[2020-07-03 14:22:16 #12 type] 
Type AubergeInn.TupleInclusionCommodite is not enhanced.

[2020-07-03 14:22:22 #13 store] 
Database 'D:\OfficielProject\IFT287_TP2\AubergeInn\ift287_6db.odb' is closed by 25660@DESKTOP-UE5C00P

------------------------------------------------------------------------------------------------------------------------

[2020-07-03 14:32:24 #1 store] 
Database 'D:\OfficielProject\IFT287_TP2\AubergeInn\ift287_6db.odb' is opened by 11800@DESKTOP-UE5C00P

[2020-07-03 14:32:24 #2 store] 
Configuration path: ?

[2020-07-03 14:32:24 #3 type.registry] 
New type AubergeInn.TupleClient

[2020-07-03 14:32:24 #4 type] 
Type AubergeInn.TupleClient is not enhanced.

[2020-07-03 14:32:24 #5 type.registry] 
New type AubergeInn.TupleReservation

[2020-07-03 14:32:24 #6 type] 
Type AubergeInn.TupleReservation is not enhanced.

[2020-07-03 14:32:24 #7 type.registry] 
New type AubergeInn.TupleChambre

[2020-07-03 14:32:24 #8 type] 
Type AubergeInn.TupleChambre is not enhanced.

[2020-07-03 14:32:24 #9 type.registry] 
New type AubergeInn.TupleCommodite

[2020-07-03 14:32:24 #10 type] 
Type AubergeInn.TupleCommodite is not enhanced.

[2020-07-03 14:32:24 #11 type.registry] 
New type AubergeInn.TupleInclusionCommodite

[2020-07-03 14:32:24 #12 type] 
Type AubergeInn.TupleInclusionCommodite is not enhanced.

[2020-07-03 14:32:24 #13 store] 
Database 'D:\OfficielProject\IFT287_TP2\AubergeInn\ift287_6db.odb' is closed by 11800@DESKTOP-UE5C00P

------------------------------------------------------------------------------------------------------------------------

[2020-07-03 14:36:08 #1 store] 
Database 'D:\OfficielProject\IFT287_TP2\AubergeInn\ift287_6db.odb' is opened by 26232@DESKTOP-UE5C00P

[2020-07-03 14:36:08 #2 store] 
Configuration path: ?

[2020-07-03 14:36:08 #3 type] 
Type AubergeInn.TupleClient is not enhanced.

[2020-07-03 14:36:08 #4 type] 
Type AubergeInn.TupleReservation is not enhanced.

[2020-07-03 14:36:08 #5 type] 
Type AubergeInn.TupleChambre is not enhanced.

[2020-07-03 14:36:08 #6 type] 
Type AubergeInn.TupleCommodite is not enhanced.

[2020-07-03 14:36:08 #7 type] 
Type AubergeInn.TupleInclusionCommodite is not enhanced.

[2020-07-03 14:37:03 #8 store] 
Database 'D:\OfficielProject\IFT287_TP2\AubergeInn\ift287_6db.odb' is closed by 26232@DESKTOP-UE5C00P

------------------------------------------------------------------------------------------------------------------------

[2020-07-03 14:37:30 #1 store] 
Database 'D:\OfficielProject\IFT287_TP2\AubergeInn\ift287_6db.odb' is opened by 21020@DESKTOP-UE5C00P

[2020-07-03 14:37:30 #2 store] 
Configuration path: ?

[2020-07-03 14:37:30 #3 type] 
Type AubergeInn.TupleClient is not enhanced.

[2020-07-03 14:37:30 #4 type] 
Type AubergeInn.TupleReservation is not enhanced.

[2020-07-03 14:37:30 #5 type] 
Type AubergeInn.TupleChambre is not enhanced.

[2020-07-03 14:37:30 #6 type] 
Type AubergeInn.TupleCommodite is not enhanced.

[2020-07-03 14:37:30 #7 type] 
Type AubergeInn.TupleInclusionCommodite is not enhanced.

