------------------------------------------------------------------------------------------------------------------------

[2020-07-02 09:07:37 #1 type.registry] 
New type AubergeInn.TupleClient

[2020-07-02 09:07:37 #2 type] 
Type AubergeInn.TupleClient is not enhanced.

[2020-07-02 09:07:37 #3 type.registry] 
New type AubergeInn.TupleReservation

[2020-07-02 09:08:14 #4 type.registry] 
New type java.util.ArrayList<java.lang.Object>

------------------------------------------------------------------------------------------------------------------------

[2020-07-02 09:11:44 #1 type] 
Type AubergeInn.TupleClient is not enhanced.

------------------------------------------------------------------------------------------------------------------------

[2020-07-02 09:14:56 #1 type] 
Type AubergeInn.TupleClient is not enhanced.

------------------------------------------------------------------------------------------------------------------------

[2020-07-02 09:18:49 #1 type] 
Type AubergeInn.TupleClient is not enhanced.

------------------------------------------------------------------------------------------------------------------------

[2020-07-02 09:26:17 #1 type] 
Type AubergeInn.TupleClient is not enhanced.

------------------------------------------------------------------------------------------------------------------------

[2020-07-02 09:42:22 #1 type] 
Type AubergeInn.TupleClient is not enhanced.

------------------------------------------------------------------------------------------------------------------------

[2020-07-02 09:43:53 #1 type] 
Type AubergeInn.TupleClient is not enhanced.

------------------------------------------------------------------------------------------------------------------------

[2020-07-02 09:45:02 #1 type] 
Type AubergeInn.TupleClient is not enhanced.

[2020-07-02 09:45:02 #2 type] 
Type AubergeInn.TupleReservation is not enhanced.

------------------------------------------------------------------------------------------------------------------------

[2020-07-02 09:45:11 #1 type] 
Type AubergeInn.TupleClient is not enhanced.

[2020-07-02 09:45:11 #2 type] 
Type AubergeInn.TupleReservation is not enhanced.

[2020-07-02 09:45:34 #3 client] 
java.lang.NullPointerException
	at com.objectdb.o.VAR.J(VAR.java:299)
	at com.objectdb.o.VAR.Zm(VAR.java:261)
	at com.objectdb.o.VAR.C(VAR.java:639)
	at com.objectdb.o.QNF.s(QNF.java:1106)
	at com.objectdb.o.QNF.s(QNF.java:1000)
	at com.objectdb.o.QNF.q(QNF.java:790)
	at com.objectdb.o.QNF.v(QNF.java:259)
	at com.objectdb.o.QNF.f(QNF.java:519)
	at com.objectdb.o.QNF.v(QNF.java:190)
	at com.objectdb.o.QNF.w(QNF.java:136)
	at com.objectdb.o.QRC.n(QRC.java:351)
	at com.objectdb.o.QRC.t(QRC.java:239)
	at com.objectdb.o.QRC.j(QRC.java:190)
	at com.objectdb.o.QRM.ZU(QRM.java:273)
	at com.objectdb.o.MST.ZU(MST.java:1003)
	at com.objectdb.o.WRA.ZU(WRA.java:313)
	at com.objectdb.o.WSM.ZU(WSM.java:117)
	at com.objectdb.o.STC.h(STC.java:465)
	at com.objectdb.o.SHN.I(SHN.java:490)
	at com.objectdb.o.SHN.w(SHN.java:156)
	at com.objectdb.o.HND.run(HND.java:134)
	at java.lang.Thread.run(Thread.java:748)

[2020-07-02 09:45:34 #4 query] 
Error during query execution: select c from TupleClient c where c.iDClient = :iDClient({iDClient->1})

[2020-07-02 09:45:34 #5 *] 
java.lang.NullPointerException
	at com.objectdb.o.VAR.J(VAR.java:299)
	at com.objectdb.o.VAR.Zm(VAR.java:261)
	at com.objectdb.o.VAR.C(VAR.java:639)
	at com.objectdb.o.QNF.s(QNF.java:1106)
	at com.objectdb.o.QNF.s(QNF.java:1000)
	at com.objectdb.o.QNF.q(QNF.java:790)
	at com.objectdb.o.QNF.v(QNF.java:259)
	at com.objectdb.o.QNF.f(QNF.java:519)
	at com.objectdb.o.QNF.v(QNF.java:190)
	at com.objectdb.o.QNF.w(QNF.java:136)
	at com.objectdb.o.QRC.n(QRC.java:351)
	at com.objectdb.o.QRC.t(QRC.java:239)
	at com.objectdb.o.QRC.j(QRC.java:190)
	at com.objectdb.o.QRM.ZU(QRM.java:273)
	at com.objectdb.o.MST.ZU(MST.java:1003)
	at com.objectdb.o.WRA.ZU(WRA.java:313)
	at com.objectdb.o.WSM.ZU(WSM.java:117)
	at com.objectdb.o.STC.h(STC.java:465)
	at com.objectdb.o.SHN.I(SHN.java:490)
	at com.objectdb.o.SHN.w(SHN.java:156)
	at com.objectdb.o.HND.run(HND.java:134)
	at java.lang.Thread.run(Thread.java:748)

------------------------------------------------------------------------------------------------------------------------

[2020-07-02 09:46:08 #1 type] 
Type AubergeInn.TupleClient is not enhanced.

[2020-07-02 09:46:08 #2 type] 
Type AubergeInn.TupleReservation is not enhanced.

[2020-07-02 09:46:15 #3 client] 
java.lang.NullPointerException
	at com.objectdb.o.VAR.J(VAR.java:299)
	at com.objectdb.o.VAR.Zm(VAR.java:261)
	at com.objectdb.o.VAR.C(VAR.java:639)
	at com.objectdb.o.QNF.s(QNF.java:1106)
	at com.objectdb.o.QNF.s(QNF.java:1000)
	at com.objectdb.o.QNF.q(QNF.java:790)
	at com.objectdb.o.QNF.v(QNF.java:259)
	at com.objectdb.o.QNF.f(QNF.java:519)
	at com.objectdb.o.QNF.v(QNF.java:190)
	at com.objectdb.o.QNF.w(QNF.java:136)
	at com.objectdb.o.QRC.n(QRC.java:351)
	at com.objectdb.o.QRC.t(QRC.java:239)
	at com.objectdb.o.QRC.j(QRC.java:190)
	at com.objectdb.o.QRM.ZU(QRM.java:273)
	at com.objectdb.o.MST.ZU(MST.java:1003)
	at com.objectdb.o.WRA.ZU(WRA.java:313)
	at com.objectdb.o.WSM.ZU(WSM.java:117)
	at com.objectdb.o.STC.h(STC.java:465)
	at com.objectdb.o.SHN.I(SHN.java:490)
	at com.objectdb.o.SHN.w(SHN.java:156)
	at com.objectdb.o.HND.run(HND.java:134)
	at java.lang.Thread.run(Thread.java:748)

[2020-07-02 09:46:15 #4 query] 
Error during query execution: select c from TupleClient c where c.iDClient = :iDClient({iDClient->1})

[2020-07-02 09:46:15 #5 *] 
java.lang.NullPointerException
	at com.objectdb.o.VAR.J(VAR.java:299)
	at com.objectdb.o.VAR.Zm(VAR.java:261)
	at com.objectdb.o.VAR.C(VAR.java:639)
	at com.objectdb.o.QNF.s(QNF.java:1106)
	at com.objectdb.o.QNF.s(QNF.java:1000)
	at com.objectdb.o.QNF.q(QNF.java:790)
	at com.objectdb.o.QNF.v(QNF.java:259)
	at com.objectdb.o.QNF.f(QNF.java:519)
	at com.objectdb.o.QNF.v(QNF.java:190)
	at com.objectdb.o.QNF.w(QNF.java:136)
	at com.objectdb.o.QRC.n(QRC.java:351)
	at com.objectdb.o.QRC.t(QRC.java:239)
	at com.objectdb.o.QRC.j(QRC.java:190)
	at com.objectdb.o.QRM.ZU(QRM.java:273)
	at com.objectdb.o.MST.ZU(MST.java:1003)
	at com.objectdb.o.WRA.ZU(WRA.java:313)
	at com.objectdb.o.WSM.ZU(WSM.java:117)
	at com.objectdb.o.STC.h(STC.java:465)
	at com.objectdb.o.SHN.I(SHN.java:490)
	at com.objectdb.o.SHN.w(SHN.java:156)
	at com.objectdb.o.HND.run(HND.java:134)
	at java.lang.Thread.run(Thread.java:748)

------------------------------------------------------------------------------------------------------------------------

[2020-07-02 09:46:21 #1 type] 
Type AubergeInn.TupleClient is not enhanced.

[2020-07-02 09:46:21 #2 type] 
Type AubergeInn.TupleReservation is not enhanced.

[2020-07-02 09:46:35 #3 client] 
java.lang.NullPointerException
	at com.objectdb.o.VAR.J(VAR.java:299)
	at com.objectdb.o.VAR.Zm(VAR.java:261)
	at com.objectdb.o.VAR.C(VAR.java:639)
	at com.objectdb.o.QNF.s(QNF.java:1106)
	at com.objectdb.o.QNF.s(QNF.java:1000)
	at com.objectdb.o.QNF.q(QNF.java:790)
	at com.objectdb.o.QNF.v(QNF.java:259)
	at com.objectdb.o.QNF.f(QNF.java:519)
	at com.objectdb.o.QNF.v(QNF.java:190)
	at com.objectdb.o.QNF.w(QNF.java:136)
	at com.objectdb.o.QRC.n(QRC.java:351)
	at com.objectdb.o.QRC.t(QRC.java:239)
	at com.objectdb.o.QRC.j(QRC.java:190)
	at com.objectdb.o.QRM.ZU(QRM.java:273)
	at com.objectdb.o.MST.ZU(MST.java:1003)
	at com.objectdb.o.WRA.ZU(WRA.java:313)
	at com.objectdb.o.WSM.ZU(WSM.java:117)
	at com.objectdb.o.STC.h(STC.java:465)
	at com.objectdb.o.SHN.I(SHN.java:490)
	at com.objectdb.o.SHN.w(SHN.java:156)
	at com.objectdb.o.HND.run(HND.java:134)
	at java.lang.Thread.run(Thread.java:748)

[2020-07-02 09:46:35 #4 query] 
Error during query execution: select c from TupleClient c where c.iDClient = :iDClient({iDClient->1})

[2020-07-02 09:46:35 #5 *] 
java.lang.NullPointerException
	at com.objectdb.o.VAR.J(VAR.java:299)
	at com.objectdb.o.VAR.Zm(VAR.java:261)
	at com.objectdb.o.VAR.C(VAR.java:639)
	at com.objectdb.o.QNF.s(QNF.java:1106)
	at com.objectdb.o.QNF.s(QNF.java:1000)
	at com.objectdb.o.QNF.q(QNF.java:790)
	at com.objectdb.o.QNF.v(QNF.java:259)
	at com.objectdb.o.QNF.f(QNF.java:519)
	at com.objectdb.o.QNF.v(QNF.java:190)
	at com.objectdb.o.QNF.w(QNF.java:136)
	at com.objectdb.o.QRC.n(QRC.java:351)
	at com.objectdb.o.QRC.t(QRC.java:239)
	at com.objectdb.o.QRC.j(QRC.java:190)
	at com.objectdb.o.QRM.ZU(QRM.java:273)
	at com.objectdb.o.MST.ZU(MST.java:1003)
	at com.objectdb.o.WRA.ZU(WRA.java:313)
	at com.objectdb.o.WSM.ZU(WSM.java:117)
	at com.objectdb.o.STC.h(STC.java:465)
	at com.objectdb.o.SHN.I(SHN.java:490)
	at com.objectdb.o.SHN.w(SHN.java:156)
	at com.objectdb.o.HND.run(HND.java:134)
	at java.lang.Thread.run(Thread.java:748)

------------------------------------------------------------------------------------------------------------------------

[2020-07-02 09:47:15 #1 type] 
Type AubergeInn.TupleClient is not enhanced.

[2020-07-02 09:47:15 #2 type] 
Type AubergeInn.TupleReservation is not enhanced.

[2020-07-02 09:47:59 #6 client] 
java.lang.NullPointerException
	at com.objectdb.o.VAR.J(VAR.java:299)
	at com.objectdb.o.VAR.Zm(VAR.java:261)
	at com.objectdb.o.VAR.C(VAR.java:639)
	at com.objectdb.o.QNF.s(QNF.java:1106)
	at com.objectdb.o.QNF.s(QNF.java:1000)
	at com.objectdb.o.QNF.q(QNF.java:790)
	at com.objectdb.o.QNF.v(QNF.java:259)
	at com.objectdb.o.QNF.f(QNF.java:519)
	at com.objectdb.o.QNF.v(QNF.java:190)
	at com.objectdb.o.QNF.w(QNF.java:136)
	at com.objectdb.o.QRC.n(QRC.java:351)
	at com.objectdb.o.QRC.t(QRC.java:239)
	at com.objectdb.o.QRC.j(QRC.java:190)
	at com.objectdb.o.QRM.ZU(QRM.java:273)
	at com.objectdb.o.MST.ZU(MST.java:1003)
	at com.objectdb.o.WRA.ZU(WRA.java:313)
	at com.objectdb.o.WSM.ZU(WSM.java:117)
	at com.objectdb.o.STC.h(STC.java:465)
	at com.objectdb.o.SHN.I(SHN.java:490)
	at com.objectdb.o.SHN.w(SHN.java:156)
	at com.objectdb.o.HND.run(HND.java:134)
	at java.lang.Thread.run(Thread.java:748)

[2020-07-02 09:47:59 #7 query] 
Error during query execution: select c from TupleClient c where c.iDClient = :iDClient({iDClient->1})

[2020-07-02 09:47:59 #8 *] 
java.lang.NullPointerException
	at com.objectdb.o.VAR.J(VAR.java:299)
	at com.objectdb.o.VAR.Zm(VAR.java:261)
	at com.objectdb.o.VAR.C(VAR.java:639)
	at com.objectdb.o.QNF.s(QNF.java:1106)
	at com.objectdb.o.QNF.s(QNF.java:1000)
	at com.objectdb.o.QNF.q(QNF.java:790)
	at com.objectdb.o.QNF.v(QNF.java:259)
	at com.objectdb.o.QNF.f(QNF.java:519)
	at com.objectdb.o.QNF.v(QNF.java:190)
	at com.objectdb.o.QNF.w(QNF.java:136)
	at com.objectdb.o.QRC.n(QRC.java:351)
	at com.objectdb.o.QRC.t(QRC.java:239)
	at com.objectdb.o.QRC.j(QRC.java:190)
	at com.objectdb.o.QRM.ZU(QRM.java:273)
	at com.objectdb.o.MST.ZU(MST.java:1003)
	at com.objectdb.o.WRA.ZU(WRA.java:313)
	at com.objectdb.o.WSM.ZU(WSM.java:117)
	at com.objectdb.o.STC.h(STC.java:465)
	at com.objectdb.o.SHN.I(SHN.java:490)
	at com.objectdb.o.SHN.w(SHN.java:156)
	at com.objectdb.o.HND.run(HND.java:134)
	at java.lang.Thread.run(Thread.java:748)

[2020-07-02 09:49:24 #9 client] 
java.lang.NullPointerException
	at com.objectdb.o.VAR.J(VAR.java:299)
	at com.objectdb.o.VAR.Zm(VAR.java:261)
	at com.objectdb.o.VAR.C(VAR.java:639)
	at com.objectdb.o.QNF.s(QNF.java:1106)
	at com.objectdb.o.QNF.s(QNF.java:1000)
	at com.objectdb.o.QNF.q(QNF.java:790)
	at com.objectdb.o.QNF.v(QNF.java:259)
	at com.objectdb.o.QNF.f(QNF.java:519)
	at com.objectdb.o.QNF.v(QNF.java:190)
	at com.objectdb.o.QNF.w(QNF.java:136)
	at com.objectdb.o.QRC.n(QRC.java:351)
	at com.objectdb.o.QRC.t(QRC.java:239)
	at com.objectdb.o.QRC.j(QRC.java:190)
	at com.objectdb.o.QRM.ZU(QRM.java:273)
	at com.objectdb.o.MST.ZU(MST.java:1003)
	at com.objectdb.o.WRA.ZU(WRA.java:313)
	at com.objectdb.o.WSM.ZU(WSM.java:117)
	at com.objectdb.o.STC.h(STC.java:465)
	at com.objectdb.o.SHN.I(SHN.java:490)
	at com.objectdb.o.SHN.w(SHN.java:156)
	at com.objectdb.o.HND.run(HND.java:134)
	at java.lang.Thread.run(Thread.java:748)

[2020-07-02 09:49:24 #10 query] 
Error during query execution: select c from TupleClient c where c.iDClient = :iDClient({iDClient->1})

[2020-07-02 09:49:25 #11 *] 
java.lang.NullPointerException
	at com.objectdb.o.VAR.J(VAR.java:299)
	at com.objectdb.o.VAR.Zm(VAR.java:261)
	at com.objectdb.o.VAR.C(VAR.java:639)
	at com.objectdb.o.QNF.s(QNF.java:1106)
	at com.objectdb.o.QNF.s(QNF.java:1000)
	at com.objectdb.o.QNF.q(QNF.java:790)
	at com.objectdb.o.QNF.v(QNF.java:259)
	at com.objectdb.o.QNF.f(QNF.java:519)
	at com.objectdb.o.QNF.v(QNF.java:190)
	at com.objectdb.o.QNF.w(QNF.java:136)
	at com.objectdb.o.QRC.n(QRC.java:351)
	at com.objectdb.o.QRC.t(QRC.java:239)
	at com.objectdb.o.QRC.j(QRC.java:190)
	at com.objectdb.o.QRM.ZU(QRM.java:273)
	at com.objectdb.o.MST.ZU(MST.java:1003)
	at com.objectdb.o.WRA.ZU(WRA.java:313)
	at com.objectdb.o.WSM.ZU(WSM.java:117)
	at com.objectdb.o.STC.h(STC.java:465)
	at com.objectdb.o.SHN.I(SHN.java:490)
	at com.objectdb.o.SHN.w(SHN.java:156)
	at com.objectdb.o.HND.run(HND.java:134)
	at java.lang.Thread.run(Thread.java:748)

------------------------------------------------------------------------------------------------------------------------

[2020-07-02 09:50:51 #1 type] 
Type AubergeInn.TupleClient is not enhanced.

[2020-07-02 09:50:51 #2 type] 
Type AubergeInn.TupleReservation is not enhanced.

[2020-07-02 09:51:24 #3 client] 
java.lang.NullPointerException
	at com.objectdb.o.VAR.J(VAR.java:299)
	at com.objectdb.o.VAR.Zm(VAR.java:261)
	at com.objectdb.o.VAR.C(VAR.java:639)
	at com.objectdb.o.QNF.s(QNF.java:1106)
	at com.objectdb.o.QNF.s(QNF.java:1000)
	at com.objectdb.o.QNF.q(QNF.java:790)
	at com.objectdb.o.QNF.v(QNF.java:259)
	at com.objectdb.o.QNF.f(QNF.java:519)
	at com.objectdb.o.QNF.v(QNF.java:190)
	at com.objectdb.o.QNF.w(QNF.java:136)
	at com.objectdb.o.QRC.n(QRC.java:351)
	at com.objectdb.o.QRC.t(QRC.java:239)
	at com.objectdb.o.QRC.j(QRC.java:190)
	at com.objectdb.o.QRM.ZU(QRM.java:273)
	at com.objectdb.o.MST.ZU(MST.java:1003)
	at com.objectdb.o.WRA.ZU(WRA.java:313)
	at com.objectdb.o.WSM.ZU(WSM.java:117)
	at com.objectdb.o.STC.h(STC.java:465)
	at com.objectdb.o.SHN.I(SHN.java:490)
	at com.objectdb.o.SHN.w(SHN.java:156)
	at com.objectdb.o.HND.run(HND.java:134)
	at java.lang.Thread.run(Thread.java:748)

[2020-07-02 09:51:24 #4 query] 
Error during query execution: select c from TupleClient c where c.iDClient = :iDClient({iDClient->1})

[2020-07-02 09:51:24 #5 *] 
java.lang.NullPointerException
	at com.objectdb.o.VAR.J(VAR.java:299)
	at com.objectdb.o.VAR.Zm(VAR.java:261)
	at com.objectdb.o.VAR.C(VAR.java:639)
	at com.objectdb.o.QNF.s(QNF.java:1106)
	at com.objectdb.o.QNF.s(QNF.java:1000)
	at com.objectdb.o.QNF.q(QNF.java:790)
	at com.objectdb.o.QNF.v(QNF.java:259)
	at com.objectdb.o.QNF.f(QNF.java:519)
	at com.objectdb.o.QNF.v(QNF.java:190)
	at com.objectdb.o.QNF.w(QNF.java:136)
	at com.objectdb.o.QRC.n(QRC.java:351)
	at com.objectdb.o.QRC.t(QRC.java:239)
	at com.objectdb.o.QRC.j(QRC.java:190)
	at com.objectdb.o.QRM.ZU(QRM.java:273)
	at com.objectdb.o.MST.ZU(MST.java:1003)
	at com.objectdb.o.WRA.ZU(WRA.java:313)
	at com.objectdb.o.WSM.ZU(WSM.java:117)
	at com.objectdb.o.STC.h(STC.java:465)
	at com.objectdb.o.SHN.I(SHN.java:490)
	at com.objectdb.o.SHN.w(SHN.java:156)
	at com.objectdb.o.HND.run(HND.java:134)
	at java.lang.Thread.run(Thread.java:748)

------------------------------------------------------------------------------------------------------------------------

[2020-07-02 09:52:31 #1 type] 
Type AubergeInn.TupleClient is not enhanced.

[2020-07-02 09:52:31 #2 type] 
Type AubergeInn.TupleReservation is not enhanced.

[2020-07-02 09:53:17 #3 client] 
java.lang.NullPointerException
	at com.objectdb.o.VAR.J(VAR.java:299)
	at com.objectdb.o.VAR.Zm(VAR.java:261)
	at com.objectdb.o.VAR.C(VAR.java:639)
	at com.objectdb.o.QNF.s(QNF.java:1106)
	at com.objectdb.o.QNF.s(QNF.java:1000)
	at com.objectdb.o.QNF.q(QNF.java:790)
	at com.objectdb.o.QNF.v(QNF.java:259)
	at com.objectdb.o.QNF.f(QNF.java:519)
	at com.objectdb.o.QNF.v(QNF.java:190)
	at com.objectdb.o.QNF.w(QNF.java:136)
	at com.objectdb.o.QRC.n(QRC.java:351)
	at com.objectdb.o.QRC.t(QRC.java:239)
	at com.objectdb.o.QRC.j(QRC.java:190)
	at com.objectdb.o.QRM.ZU(QRM.java:273)
	at com.objectdb.o.MST.ZU(MST.java:1003)
	at com.objectdb.o.WRA.ZU(WRA.java:313)
	at com.objectdb.o.WSM.ZU(WSM.java:117)
	at com.objectdb.o.STC.h(STC.java:465)
	at com.objectdb.o.SHN.I(SHN.java:490)
	at com.objectdb.o.SHN.w(SHN.java:156)
	at com.objectdb.o.HND.run(HND.java:134)
	at java.lang.Thread.run(Thread.java:748)

[2020-07-02 09:53:17 #4 query] 
Error during query execution: select c from TupleClient c where c.iDClient = :iDClient({iDClient->1})

[2020-07-02 09:53:17 #5 *] 
java.lang.NullPointerException
	at com.objectdb.o.VAR.J(VAR.java:299)
	at com.objectdb.o.VAR.Zm(VAR.java:261)
	at com.objectdb.o.VAR.C(VAR.java:639)
	at com.objectdb.o.QNF.s(QNF.java:1106)
	at com.objectdb.o.QNF.s(QNF.java:1000)
	at com.objectdb.o.QNF.q(QNF.java:790)
	at com.objectdb.o.QNF.v(QNF.java:259)
	at com.objectdb.o.QNF.f(QNF.java:519)
	at com.objectdb.o.QNF.v(QNF.java:190)
	at com.objectdb.o.QNF.w(QNF.java:136)
	at com.objectdb.o.QRC.n(QRC.java:351)
	at com.objectdb.o.QRC.t(QRC.java:239)
	at com.objectdb.o.QRC.j(QRC.java:190)
	at com.objectdb.o.QRM.ZU(QRM.java:273)
	at com.objectdb.o.MST.ZU(MST.java:1003)
	at com.objectdb.o.WRA.ZU(WRA.java:313)
	at com.objectdb.o.WSM.ZU(WSM.java:117)
	at com.objectdb.o.STC.h(STC.java:465)
	at com.objectdb.o.SHN.I(SHN.java:490)
	at com.objectdb.o.SHN.w(SHN.java:156)
	at com.objectdb.o.HND.run(HND.java:134)
	at java.lang.Thread.run(Thread.java:748)

------------------------------------------------------------------------------------------------------------------------

[2020-07-02 09:55:22 #1 type] 
Type AubergeInn.TupleClient is not enhanced.

[2020-07-02 09:55:22 #2 type] 
Type AubergeInn.TupleReservation is not enhanced.

------------------------------------------------------------------------------------------------------------------------

[2020-07-02 09:55:35 #1 type] 
Type AubergeInn.TupleClient is not enhanced.

[2020-07-02 09:55:35 #2 type] 
Type AubergeInn.TupleReservation is not enhanced.

[2020-07-02 09:56:40 #6 client] 
java.lang.NullPointerException
	at com.objectdb.o.VAR.J(VAR.java:299)
	at com.objectdb.o.VAR.Zm(VAR.java:261)
	at com.objectdb.o.VAR.C(VAR.java:639)
	at com.objectdb.o.QNF.s(QNF.java:1106)
	at com.objectdb.o.QNF.s(QNF.java:1000)
	at com.objectdb.o.QNF.q(QNF.java:790)
	at com.objectdb.o.QNF.v(QNF.java:259)
	at com.objectdb.o.QNF.f(QNF.java:519)
	at com.objectdb.o.QNF.v(QNF.java:190)
	at com.objectdb.o.QNF.w(QNF.java:136)
	at com.objectdb.o.QRC.n(QRC.java:351)
	at com.objectdb.o.QRC.t(QRC.java:239)
	at com.objectdb.o.QRC.j(QRC.java:190)
	at com.objectdb.o.QRM.ZU(QRM.java:273)
	at com.objectdb.o.MST.ZU(MST.java:1003)
	at com.objectdb.o.WRA.ZU(WRA.java:313)
	at com.objectdb.o.WSM.ZU(WSM.java:117)
	at com.objectdb.o.STC.h(STC.java:465)
	at com.objectdb.o.SHN.I(SHN.java:490)
	at com.objectdb.o.SHN.w(SHN.java:156)
	at com.objectdb.o.HND.run(HND.java:134)
	at java.lang.Thread.run(Thread.java:748)

[2020-07-02 09:56:40 #7 query] 
Error during query execution: select c from TupleClient c where c.iDClient = :iDClient({iDClient->1})

[2020-07-02 09:56:40 #8 *] 
java.lang.NullPointerException
	at com.objectdb.o.VAR.J(VAR.java:299)
	at com.objectdb.o.VAR.Zm(VAR.java:261)
	at com.objectdb.o.VAR.C(VAR.java:639)
	at com.objectdb.o.QNF.s(QNF.java:1106)
	at com.objectdb.o.QNF.s(QNF.java:1000)
	at com.objectdb.o.QNF.q(QNF.java:790)
	at com.objectdb.o.QNF.v(QNF.java:259)
	at com.objectdb.o.QNF.f(QNF.java:519)
	at com.objectdb.o.QNF.v(QNF.java:190)
	at com.objectdb.o.QNF.w(QNF.java:136)
	at com.objectdb.o.QRC.n(QRC.java:351)
	at com.objectdb.o.QRC.t(QRC.java:239)
	at com.objectdb.o.QRC.j(QRC.java:190)
	at com.objectdb.o.QRM.ZU(QRM.java:273)
	at com.objectdb.o.MST.ZU(MST.java:1003)
	at com.objectdb.o.WRA.ZU(WRA.java:313)
	at com.objectdb.o.WSM.ZU(WSM.java:117)
	at com.objectdb.o.STC.h(STC.java:465)
	at com.objectdb.o.SHN.I(SHN.java:490)
	at com.objectdb.o.SHN.w(SHN.java:156)
	at com.objectdb.o.HND.run(HND.java:134)
	at java.lang.Thread.run(Thread.java:748)

[2020-07-02 10:00:45 #9 client] 
java.lang.NullPointerException
	at com.objectdb.o.VAR.J(VAR.java:299)
	at com.objectdb.o.VAR.Zm(VAR.java:261)
	at com.objectdb.o.VAR.C(VAR.java:639)
	at com.objectdb.o.QNF.s(QNF.java:1106)
	at com.objectdb.o.QNF.s(QNF.java:1000)
	at com.objectdb.o.QNF.q(QNF.java:790)
	at com.objectdb.o.QNF.v(QNF.java:259)
	at com.objectdb.o.QNF.f(QNF.java:519)
	at com.objectdb.o.QNF.v(QNF.java:190)
	at com.objectdb.o.QNF.w(QNF.java:136)
	at com.objectdb.o.QRC.n(QRC.java:351)
	at com.objectdb.o.QRC.t(QRC.java:239)
	at com.objectdb.o.QRC.j(QRC.java:190)
	at com.objectdb.o.QRM.ZU(QRM.java:273)
	at com.objectdb.o.MST.ZU(MST.java:1003)
	at com.objectdb.o.WRA.ZU(WRA.java:313)
	at com.objectdb.o.WSM.ZU(WSM.java:117)
	at com.objectdb.o.STC.h(STC.java:465)
	at com.objectdb.o.SHN.I(SHN.java:490)
	at com.objectdb.o.SHN.w(SHN.java:156)
	at com.objectdb.o.HND.run(HND.java:134)
	at java.lang.Thread.run(Thread.java:748)

[2020-07-02 10:00:45 #10 query] 
Error during query execution: select c from TupleClient c where c.iDClient = :iDClient({iDClient->1})

[2020-07-02 10:00:45 #11 *] 
java.lang.NullPointerException
	at com.objectdb.o.VAR.J(VAR.java:299)
	at com.objectdb.o.VAR.Zm(VAR.java:261)
	at com.objectdb.o.VAR.C(VAR.java:639)
	at com.objectdb.o.QNF.s(QNF.java:1106)
	at com.objectdb.o.QNF.s(QNF.java:1000)
	at com.objectdb.o.QNF.q(QNF.java:790)
	at com.objectdb.o.QNF.v(QNF.java:259)
	at com.objectdb.o.QNF.f(QNF.java:519)
	at com.objectdb.o.QNF.v(QNF.java:190)
	at com.objectdb.o.QNF.w(QNF.java:136)
	at com.objectdb.o.QRC.n(QRC.java:351)
	at com.objectdb.o.QRC.t(QRC.java:239)
	at com.objectdb.o.QRC.j(QRC.java:190)
	at com.objectdb.o.QRM.ZU(QRM.java:273)
	at com.objectdb.o.MST.ZU(MST.java:1003)
	at com.objectdb.o.WRA.ZU(WRA.java:313)
	at com.objectdb.o.WSM.ZU(WSM.java:117)
	at com.objectdb.o.STC.h(STC.java:465)
	at com.objectdb.o.SHN.I(SHN.java:490)
	at com.objectdb.o.SHN.w(SHN.java:156)
	at com.objectdb.o.HND.run(HND.java:134)
	at java.lang.Thread.run(Thread.java:748)

------------------------------------------------------------------------------------------------------------------------

[2020-07-02 10:01:38 #1 type] 
Type AubergeInn.TupleClient is not enhanced.

[2020-07-02 10:01:38 #2 type] 
Type AubergeInn.TupleReservation is not enhanced.

[2020-07-02 10:02:02 #3 client] 
java.lang.NullPointerException
	at com.objectdb.o.VAR.J(VAR.java:299)
	at com.objectdb.o.VAR.Zm(VAR.java:261)
	at com.objectdb.o.VAR.C(VAR.java:639)
	at com.objectdb.o.QNF.s(QNF.java:1106)
	at com.objectdb.o.QNF.s(QNF.java:1000)
	at com.objectdb.o.QNF.q(QNF.java:790)
	at com.objectdb.o.QNF.v(QNF.java:259)
	at com.objectdb.o.QNF.f(QNF.java:519)
	at com.objectdb.o.QNF.v(QNF.java:190)
	at com.objectdb.o.QNF.w(QNF.java:136)
	at com.objectdb.o.QRC.n(QRC.java:351)
	at com.objectdb.o.QRC.t(QRC.java:239)
	at com.objectdb.o.QRC.j(QRC.java:190)
	at com.objectdb.o.QRM.ZU(QRM.java:273)
	at com.objectdb.o.MST.ZU(MST.java:1003)
	at com.objectdb.o.WRA.ZU(WRA.java:313)
	at com.objectdb.o.WSM.ZU(WSM.java:117)
	at com.objectdb.o.STC.h(STC.java:465)
	at com.objectdb.o.SHN.I(SHN.java:490)
	at com.objectdb.o.SHN.w(SHN.java:156)
	at com.objectdb.o.HND.run(HND.java:134)
	at java.lang.Thread.run(Thread.java:748)

[2020-07-02 10:02:02 #4 query] 
Error during query execution: select c from TupleClient c where c.iDClient = :iDClient({iDClient->1})

[2020-07-02 10:02:02 #5 *] 
java.lang.NullPointerException
	at com.objectdb.o.VAR.J(VAR.java:299)
	at com.objectdb.o.VAR.Zm(VAR.java:261)
	at com.objectdb.o.VAR.C(VAR.java:639)
	at com.objectdb.o.QNF.s(QNF.java:1106)
	at com.objectdb.o.QNF.s(QNF.java:1000)
	at com.objectdb.o.QNF.q(QNF.java:790)
	at com.objectdb.o.QNF.v(QNF.java:259)
	at com.objectdb.o.QNF.f(QNF.java:519)
	at com.objectdb.o.QNF.v(QNF.java:190)
	at com.objectdb.o.QNF.w(QNF.java:136)
	at com.objectdb.o.QRC.n(QRC.java:351)
	at com.objectdb.o.QRC.t(QRC.java:239)
	at com.objectdb.o.QRC.j(QRC.java:190)
	at com.objectdb.o.QRM.ZU(QRM.java:273)
	at com.objectdb.o.MST.ZU(MST.java:1003)
	at com.objectdb.o.WRA.ZU(WRA.java:313)
	at com.objectdb.o.WSM.ZU(WSM.java:117)
	at com.objectdb.o.STC.h(STC.java:465)
	at com.objectdb.o.SHN.I(SHN.java:490)
	at com.objectdb.o.SHN.w(SHN.java:156)
	at com.objectdb.o.HND.run(HND.java:134)
	at java.lang.Thread.run(Thread.java:748)

------------------------------------------------------------------------------------------------------------------------

[2020-07-02 10:04:17 #1 type] 
Type AubergeInn.TupleClient is not enhanced.

[2020-07-02 10:04:17 #2 type] 
Type AubergeInn.TupleReservation is not enhanced.

[2020-07-02 10:04:25 #3 client] 
java.lang.NullPointerException
	at com.objectdb.o.VAR.J(VAR.java:299)
	at com.objectdb.o.VAR.Zm(VAR.java:261)
	at com.objectdb.o.VAR.C(VAR.java:639)
	at com.objectdb.o.QNF.s(QNF.java:1106)
	at com.objectdb.o.QNF.s(QNF.java:1000)
	at com.objectdb.o.QNF.q(QNF.java:790)
	at com.objectdb.o.QNF.v(QNF.java:259)
	at com.objectdb.o.QNF.f(QNF.java:519)
	at com.objectdb.o.QNF.v(QNF.java:190)
	at com.objectdb.o.QNF.w(QNF.java:136)
	at com.objectdb.o.QRC.n(QRC.java:351)
	at com.objectdb.o.QRC.t(QRC.java:239)
	at com.objectdb.o.QRC.j(QRC.java:190)
	at com.objectdb.o.QRM.ZU(QRM.java:273)
	at com.objectdb.o.MST.ZU(MST.java:1003)
	at com.objectdb.o.WRA.ZU(WRA.java:313)
	at com.objectdb.o.WSM.ZU(WSM.java:117)
	at com.objectdb.o.STC.h(STC.java:465)
	at com.objectdb.o.SHN.I(SHN.java:490)
	at com.objectdb.o.SHN.w(SHN.java:156)
	at com.objectdb.o.HND.run(HND.java:134)
	at java.lang.Thread.run(Thread.java:748)

[2020-07-02 10:04:25 #4 query] 
Error during query execution: select c from TupleClient c where c.iDClient = :iDClient({iDClient->1})

[2020-07-02 10:04:25 #5 *] 
java.lang.NullPointerException
	at com.objectdb.o.VAR.J(VAR.java:299)
	at com.objectdb.o.VAR.Zm(VAR.java:261)
	at com.objectdb.o.VAR.C(VAR.java:639)
	at com.objectdb.o.QNF.s(QNF.java:1106)
	at com.objectdb.o.QNF.s(QNF.java:1000)
	at com.objectdb.o.QNF.q(QNF.java:790)
	at com.objectdb.o.QNF.v(QNF.java:259)
	at com.objectdb.o.QNF.f(QNF.java:519)
	at com.objectdb.o.QNF.v(QNF.java:190)
	at com.objectdb.o.QNF.w(QNF.java:136)
	at com.objectdb.o.QRC.n(QRC.java:351)
	at com.objectdb.o.QRC.t(QRC.java:239)
	at com.objectdb.o.QRC.j(QRC.java:190)
	at com.objectdb.o.QRM.ZU(QRM.java:273)
	at com.objectdb.o.MST.ZU(MST.java:1003)
	at com.objectdb.o.WRA.ZU(WRA.java:313)
	at com.objectdb.o.WSM.ZU(WSM.java:117)
	at com.objectdb.o.STC.h(STC.java:465)
	at com.objectdb.o.SHN.I(SHN.java:490)
	at com.objectdb.o.SHN.w(SHN.java:156)
	at com.objectdb.o.HND.run(HND.java:134)
	at java.lang.Thread.run(Thread.java:748)

------------------------------------------------------------------------------------------------------------------------

[2020-07-02 10:05:10 #1 type] 
Type AubergeInn.TupleClient is not enhanced.

[2020-07-02 10:05:10 #2 type] 
Type AubergeInn.TupleReservation is not enhanced.

------------------------------------------------------------------------------------------------------------------------

[2020-07-02 10:07:53 #1 type] 
Type AubergeInn.TupleClient is not enhanced.

[2020-07-02 10:07:53 #2 type] 
Type AubergeInn.TupleReservation is not enhanced.

[2020-07-02 10:08:47 #3 client] 
java.lang.NullPointerException
	at com.objectdb.o.VAR.J(VAR.java:299)
	at com.objectdb.o.VAR.Zm(VAR.java:261)
	at com.objectdb.o.VAR.C(VAR.java:639)
	at com.objectdb.o.QNF.s(QNF.java:1106)
	at com.objectdb.o.QNF.s(QNF.java:1000)
	at com.objectdb.o.QNF.q(QNF.java:790)
	at com.objectdb.o.QNF.v(QNF.java:259)
	at com.objectdb.o.QNF.f(QNF.java:519)
	at com.objectdb.o.QNF.v(QNF.java:190)
	at com.objectdb.o.QNF.w(QNF.java:136)
	at com.objectdb.o.QRC.n(QRC.java:351)
	at com.objectdb.o.QRC.t(QRC.java:239)
	at com.objectdb.o.QRC.j(QRC.java:190)
	at com.objectdb.o.QRM.ZU(QRM.java:273)
	at com.objectdb.o.MST.ZU(MST.java:1003)
	at com.objectdb.o.WRA.ZU(WRA.java:313)
	at com.objectdb.o.WSM.ZU(WSM.java:117)
	at com.objectdb.o.STC.h(STC.java:465)
	at com.objectdb.o.SHN.I(SHN.java:490)
	at com.objectdb.o.SHN.w(SHN.java:156)
	at com.objectdb.o.HND.run(HND.java:134)
	at java.lang.Thread.run(Thread.java:748)

[2020-07-02 10:08:47 #4 query] 
Error during query execution: select c from TupleClient c where c.iDClient = :iDClient({iDClient->2})

[2020-07-02 10:08:47 #5 *] 
java.lang.NullPointerException
	at com.objectdb.o.VAR.J(VAR.java:299)
	at com.objectdb.o.VAR.Zm(VAR.java:261)
	at com.objectdb.o.VAR.C(VAR.java:639)
	at com.objectdb.o.QNF.s(QNF.java:1106)
	at com.objectdb.o.QNF.s(QNF.java:1000)
	at com.objectdb.o.QNF.q(QNF.java:790)
	at com.objectdb.o.QNF.v(QNF.java:259)
	at com.objectdb.o.QNF.f(QNF.java:519)
	at com.objectdb.o.QNF.v(QNF.java:190)
	at com.objectdb.o.QNF.w(QNF.java:136)
	at com.objectdb.o.QRC.n(QRC.java:351)
	at com.objectdb.o.QRC.t(QRC.java:239)
	at com.objectdb.o.QRC.j(QRC.java:190)
	at com.objectdb.o.QRM.ZU(QRM.java:273)
	at com.objectdb.o.MST.ZU(MST.java:1003)
	at com.objectdb.o.WRA.ZU(WRA.java:313)
	at com.objectdb.o.WSM.ZU(WSM.java:117)
	at com.objectdb.o.STC.h(STC.java:465)
	at com.objectdb.o.SHN.I(SHN.java:490)
	at com.objectdb.o.SHN.w(SHN.java:156)
	at com.objectdb.o.HND.run(HND.java:134)
	at java.lang.Thread.run(Thread.java:748)

------------------------------------------------------------------------------------------------------------------------

[2020-07-02 10:11:06 #1 type] 
Type AubergeInn.TupleClient is not enhanced.

[2020-07-02 10:11:06 #2 type] 
Type AubergeInn.TupleReservation is not enhanced.

------------------------------------------------------------------------------------------------------------------------

[2020-07-02 10:11:23 #1 type] 
Type AubergeInn.TupleClient is not enhanced.

[2020-07-02 10:11:23 #2 type] 
Type AubergeInn.TupleReservation is not enhanced.

[2020-07-02 10:12:04 #3 client] 
java.lang.NullPointerException
	at com.objectdb.o.VAR.J(VAR.java:299)
	at com.objectdb.o.VAR.Zm(VAR.java:261)
	at com.objectdb.o.VAR.C(VAR.java:639)
	at com.objectdb.o.QNF.s(QNF.java:1106)
	at com.objectdb.o.QNF.s(QNF.java:1000)
	at com.objectdb.o.QNF.q(QNF.java:790)
	at com.objectdb.o.QNF.v(QNF.java:259)
	at com.objectdb.o.QNF.f(QNF.java:519)
	at com.objectdb.o.QNF.v(QNF.java:190)
	at com.objectdb.o.QNF.w(QNF.java:136)
	at com.objectdb.o.QRC.n(QRC.java:351)
	at com.objectdb.o.QRC.t(QRC.java:239)
	at com.objectdb.o.QRC.j(QRC.java:190)
	at com.objectdb.o.QRM.ZU(QRM.java:273)
	at com.objectdb.o.MST.ZU(MST.java:1003)
	at com.objectdb.o.WRA.ZU(WRA.java:313)
	at com.objectdb.o.WSM.ZU(WSM.java:117)
	at com.objectdb.o.STC.h(STC.java:465)
	at com.objectdb.o.SHN.I(SHN.java:490)
	at com.objectdb.o.SHN.w(SHN.java:156)
	at com.objectdb.o.HND.run(HND.java:134)
	at java.lang.Thread.run(Thread.java:748)

[2020-07-02 10:12:04 #4 query] 
Error during query execution: select c from TupleClient c where c.iDClient = :idCli({idCli->2})

[2020-07-02 10:12:04 #5 *] 
java.lang.NullPointerException
	at com.objectdb.o.VAR.J(VAR.java:299)
	at com.objectdb.o.VAR.Zm(VAR.java:261)
	at com.objectdb.o.VAR.C(VAR.java:639)
	at com.objectdb.o.QNF.s(QNF.java:1106)
	at com.objectdb.o.QNF.s(QNF.java:1000)
	at com.objectdb.o.QNF.q(QNF.java:790)
	at com.objectdb.o.QNF.v(QNF.java:259)
	at com.objectdb.o.QNF.f(QNF.java:519)
	at com.objectdb.o.QNF.v(QNF.java:190)
	at com.objectdb.o.QNF.w(QNF.java:136)
	at com.objectdb.o.QRC.n(QRC.java:351)
	at com.objectdb.o.QRC.t(QRC.java:239)
	at com.objectdb.o.QRC.j(QRC.java:190)
	at com.objectdb.o.QRM.ZU(QRM.java:273)
	at com.objectdb.o.MST.ZU(MST.java:1003)
	at com.objectdb.o.WRA.ZU(WRA.java:313)
	at com.objectdb.o.WSM.ZU(WSM.java:117)
	at com.objectdb.o.STC.h(STC.java:465)
	at com.objectdb.o.SHN.I(SHN.java:490)
	at com.objectdb.o.SHN.w(SHN.java:156)
	at com.objectdb.o.HND.run(HND.java:134)
	at java.lang.Thread.run(Thread.java:748)

------------------------------------------------------------------------------------------------------------------------

[2020-07-02 10:12:47 #1 type] 
Type AubergeInn.TupleClient is not enhanced.

[2020-07-02 10:12:47 #2 type] 
Type AubergeInn.TupleReservation is not enhanced.

------------------------------------------------------------------------------------------------------------------------

[2020-07-02 10:15:15 #1 type] 
Type AubergeInn.TupleClient is not enhanced.

[2020-07-02 10:15:15 #2 type] 
Type AubergeInn.TupleReservation is not enhanced.

[2020-07-02 10:15:41 #3 client] 
java.lang.NullPointerException
	at com.objectdb.o.VAR.J(VAR.java:299)
	at com.objectdb.o.VAR.Zm(VAR.java:261)
	at com.objectdb.o.VAR.C(VAR.java:639)
	at com.objectdb.o.QNF.s(QNF.java:1106)
	at com.objectdb.o.QNF.s(QNF.java:1000)
	at com.objectdb.o.QNF.q(QNF.java:790)
	at com.objectdb.o.QNF.v(QNF.java:259)
	at com.objectdb.o.QNF.f(QNF.java:519)
	at com.objectdb.o.QNF.v(QNF.java:190)
	at com.objectdb.o.QNF.w(QNF.java:136)
	at com.objectdb.o.QRC.n(QRC.java:351)
	at com.objectdb.o.QRC.t(QRC.java:239)
	at com.objectdb.o.QRC.j(QRC.java:190)
	at com.objectdb.o.QRM.ZU(QRM.java:273)
	at com.objectdb.o.MST.ZU(MST.java:1003)
	at com.objectdb.o.WRA.ZU(WRA.java:313)
	at com.objectdb.o.WSM.ZU(WSM.java:117)
	at com.objectdb.o.STC.h(STC.java:465)
	at com.objectdb.o.SHN.I(SHN.java:490)
	at com.objectdb.o.SHN.w(SHN.java:156)
	at com.objectdb.o.HND.run(HND.java:134)
	at java.lang.Thread.run(Thread.java:748)

[2020-07-02 10:15:41 #4 query] 
Error during query execution: select c from TupleClient c where c.iDClient = :idCli({:idCli->2})

[2020-07-02 10:15:41 #5 *] 
java.lang.NullPointerException
	at com.objectdb.o.VAR.J(VAR.java:299)
	at com.objectdb.o.VAR.Zm(VAR.java:261)
	at com.objectdb.o.VAR.C(VAR.java:639)
	at com.objectdb.o.QNF.s(QNF.java:1106)
	at com.objectdb.o.QNF.s(QNF.java:1000)
	at com.objectdb.o.QNF.q(QNF.java:790)
	at com.objectdb.o.QNF.v(QNF.java:259)
	at com.objectdb.o.QNF.f(QNF.java:519)
	at com.objectdb.o.QNF.v(QNF.java:190)
	at com.objectdb.o.QNF.w(QNF.java:136)
	at com.objectdb.o.QRC.n(QRC.java:351)
	at com.objectdb.o.QRC.t(QRC.java:239)
	at com.objectdb.o.QRC.j(QRC.java:190)
	at com.objectdb.o.QRM.ZU(QRM.java:273)
	at com.objectdb.o.MST.ZU(MST.java:1003)
	at com.objectdb.o.WRA.ZU(WRA.java:313)
	at com.objectdb.o.WSM.ZU(WSM.java:117)
	at com.objectdb.o.STC.h(STC.java:465)
	at com.objectdb.o.SHN.I(SHN.java:490)
	at com.objectdb.o.SHN.w(SHN.java:156)
	at com.objectdb.o.HND.run(HND.java:134)
	at java.lang.Thread.run(Thread.java:748)

------------------------------------------------------------------------------------------------------------------------

[2020-07-02 13:02:11 #1 type] 
Type AubergeInn.TupleClient is not enhanced.

[2020-07-02 13:02:11 #2 type] 
Type AubergeInn.TupleReservation is not enhanced.

[2020-07-02 13:02:36 #3 client] 
java.lang.NullPointerException
	at com.objectdb.o.VAR.J(VAR.java:299)
	at com.objectdb.o.VAR.Zm(VAR.java:261)
	at com.objectdb.o.VAR.C(VAR.java:639)
	at com.objectdb.o.QNF.s(QNF.java:1106)
	at com.objectdb.o.QNF.s(QNF.java:1000)
	at com.objectdb.o.QNF.q(QNF.java:790)
	at com.objectdb.o.QNF.v(QNF.java:259)
	at com.objectdb.o.QNF.f(QNF.java:519)
	at com.objectdb.o.QNF.v(QNF.java:190)
	at com.objectdb.o.QNF.w(QNF.java:136)
	at com.objectdb.o.QRC.n(QRC.java:351)
	at com.objectdb.o.QRC.t(QRC.java:239)
	at com.objectdb.o.QRC.j(QRC.java:190)
	at com.objectdb.o.QRM.ZU(QRM.java:273)
	at com.objectdb.o.MST.ZU(MST.java:1003)
	at com.objectdb.o.WRA.ZU(WRA.java:313)
	at com.objectdb.o.WSM.ZU(WSM.java:117)
	at com.objectdb.o.STC.h(STC.java:465)
	at com.objectdb.o.SHN.I(SHN.java:490)
	at com.objectdb.o.SHN.w(SHN.java:156)
	at com.objectdb.o.HND.run(HND.java:134)
	at java.lang.Thread.run(Thread.java:748)

[2020-07-02 13:02:36 #4 query] 
Error during query execution: select c from TupleClient c where c.iDClient = :idClient({idClient->1})

[2020-07-02 13:02:36 #5 *] 
java.lang.NullPointerException
	at com.objectdb.o.VAR.J(VAR.java:299)
	at com.objectdb.o.VAR.Zm(VAR.java:261)
	at com.objectdb.o.VAR.C(VAR.java:639)
	at com.objectdb.o.QNF.s(QNF.java:1106)
	at com.objectdb.o.QNF.s(QNF.java:1000)
	at com.objectdb.o.QNF.q(QNF.java:790)
	at com.objectdb.o.QNF.v(QNF.java:259)
	at com.objectdb.o.QNF.f(QNF.java:519)
	at com.objectdb.o.QNF.v(QNF.java:190)
	at com.objectdb.o.QNF.w(QNF.java:136)
	at com.objectdb.o.QRC.n(QRC.java:351)
	at com.objectdb.o.QRC.t(QRC.java:239)
	at com.objectdb.o.QRC.j(QRC.java:190)
	at com.objectdb.o.QRM.ZU(QRM.java:273)
	at com.objectdb.o.MST.ZU(MST.java:1003)
	at com.objectdb.o.WRA.ZU(WRA.java:313)
	at com.objectdb.o.WSM.ZU(WSM.java:117)
	at com.objectdb.o.STC.h(STC.java:465)
	at com.objectdb.o.SHN.I(SHN.java:490)
	at com.objectdb.o.SHN.w(SHN.java:156)
	at com.objectdb.o.HND.run(HND.java:134)
	at java.lang.Thread.run(Thread.java:748)

------------------------------------------------------------------------------------------------------------------------

[2020-07-02 13:03:39 #1 type] 
Type AubergeInn.TupleClient is not enhanced.

[2020-07-02 13:03:39 #2 type] 
Type AubergeInn.TupleReservation is not enhanced.

[2020-07-02 13:04:10 #3 client] 
java.lang.NullPointerException
	at com.objectdb.o.VAR.J(VAR.java:299)
	at com.objectdb.o.VAR.Zm(VAR.java:261)
	at com.objectdb.o.VAR.C(VAR.java:639)
	at com.objectdb.o.QNF.s(QNF.java:1106)
	at com.objectdb.o.QNF.s(QNF.java:1000)
	at com.objectdb.o.QNF.q(QNF.java:790)
	at com.objectdb.o.QNF.v(QNF.java:259)
	at com.objectdb.o.QNF.f(QNF.java:519)
	at com.objectdb.o.QNF.v(QNF.java:190)
	at com.objectdb.o.QNF.w(QNF.java:136)
	at com.objectdb.o.QRC.n(QRC.java:351)
	at com.objectdb.o.QRC.t(QRC.java:239)
	at com.objectdb.o.QRC.j(QRC.java:190)
	at com.objectdb.o.QRM.ZU(QRM.java:273)
	at com.objectdb.o.MST.ZU(MST.java:1003)
	at com.objectdb.o.WRA.ZU(WRA.java:313)
	at com.objectdb.o.WSM.ZU(WSM.java:117)
	at com.objectdb.o.STC.h(STC.java:465)
	at com.objectdb.o.SHN.I(SHN.java:490)
	at com.objectdb.o.SHN.w(SHN.java:156)
	at com.objectdb.o.HND.run(HND.java:134)
	at java.lang.Thread.run(Thread.java:748)

[2020-07-02 13:04:10 #4 query] 
Error during query execution: select c from TupleClient c where c.iDClient = :idClient({idClient->1})

[2020-07-02 13:04:10 #5 *] 
java.lang.NullPointerException
	at com.objectdb.o.VAR.J(VAR.java:299)
	at com.objectdb.o.VAR.Zm(VAR.java:261)
	at com.objectdb.o.VAR.C(VAR.java:639)
	at com.objectdb.o.QNF.s(QNF.java:1106)
	at com.objectdb.o.QNF.s(QNF.java:1000)
	at com.objectdb.o.QNF.q(QNF.java:790)
	at com.objectdb.o.QNF.v(QNF.java:259)
	at com.objectdb.o.QNF.f(QNF.java:519)
	at com.objectdb.o.QNF.v(QNF.java:190)
	at com.objectdb.o.QNF.w(QNF.java:136)
	at com.objectdb.o.QRC.n(QRC.java:351)
	at com.objectdb.o.QRC.t(QRC.java:239)
	at com.objectdb.o.QRC.j(QRC.java:190)
	at com.objectdb.o.QRM.ZU(QRM.java:273)
	at com.objectdb.o.MST.ZU(MST.java:1003)
	at com.objectdb.o.WRA.ZU(WRA.java:313)
	at com.objectdb.o.WSM.ZU(WSM.java:117)
	at com.objectdb.o.STC.h(STC.java:465)
	at com.objectdb.o.SHN.I(SHN.java:490)
	at com.objectdb.o.SHN.w(SHN.java:156)
	at com.objectdb.o.HND.run(HND.java:134)
	at java.lang.Thread.run(Thread.java:748)

------------------------------------------------------------------------------------------------------------------------

[2020-07-02 13:05:44 #1 type] 
Type AubergeInn.TupleClient is not enhanced.

[2020-07-02 13:05:44 #2 type] 
Type AubergeInn.TupleReservation is not enhanced.

[2020-07-02 13:06:04 #3 client] 
java.lang.NullPointerException
	at com.objectdb.o.VAR.J(VAR.java:299)
	at com.objectdb.o.VAR.Zm(VAR.java:261)
	at com.objectdb.o.VAR.C(VAR.java:639)
	at com.objectdb.o.QNF.s(QNF.java:1106)
	at com.objectdb.o.QNF.s(QNF.java:1000)
	at com.objectdb.o.QNF.q(QNF.java:790)
	at com.objectdb.o.QNF.v(QNF.java:259)
	at com.objectdb.o.QNF.f(QNF.java:519)
	at com.objectdb.o.QNF.v(QNF.java:190)
	at com.objectdb.o.QNF.w(QNF.java:136)
	at com.objectdb.o.QRC.n(QRC.java:351)
	at com.objectdb.o.QRC.t(QRC.java:239)
	at com.objectdb.o.QRC.j(QRC.java:190)
	at com.objectdb.o.QRM.ZU(QRM.java:273)
	at com.objectdb.o.MST.ZU(MST.java:1003)
	at com.objectdb.o.WRA.ZU(WRA.java:313)
	at com.objectdb.o.WSM.ZU(WSM.java:117)
	at com.objectdb.o.STC.h(STC.java:465)
	at com.objectdb.o.SHN.I(SHN.java:490)
	at com.objectdb.o.SHN.w(SHN.java:156)
	at com.objectdb.o.HND.run(HND.java:134)
	at java.lang.Thread.run(Thread.java:748)

[2020-07-02 13:06:04 #4 query] 
Error during query execution: select c from TupleClient c where c.iDClient = :idClient({idClient->1})

[2020-07-02 13:06:04 #5 *] 
java.lang.NullPointerException
	at com.objectdb.o.VAR.J(VAR.java:299)
	at com.objectdb.o.VAR.Zm(VAR.java:261)
	at com.objectdb.o.VAR.C(VAR.java:639)
	at com.objectdb.o.QNF.s(QNF.java:1106)
	at com.objectdb.o.QNF.s(QNF.java:1000)
	at com.objectdb.o.QNF.q(QNF.java:790)
	at com.objectdb.o.QNF.v(QNF.java:259)
	at com.objectdb.o.QNF.f(QNF.java:519)
	at com.objectdb.o.QNF.v(QNF.java:190)
	at com.objectdb.o.QNF.w(QNF.java:136)
	at com.objectdb.o.QRC.n(QRC.java:351)
	at com.objectdb.o.QRC.t(QRC.java:239)
	at com.objectdb.o.QRC.j(QRC.java:190)
	at com.objectdb.o.QRM.ZU(QRM.java:273)
	at com.objectdb.o.MST.ZU(MST.java:1003)
	at com.objectdb.o.WRA.ZU(WRA.java:313)
	at com.objectdb.o.WSM.ZU(WSM.java:117)
	at com.objectdb.o.STC.h(STC.java:465)
	at com.objectdb.o.SHN.I(SHN.java:490)
	at com.objectdb.o.SHN.w(SHN.java:156)
	at com.objectdb.o.HND.run(HND.java:134)
	at java.lang.Thread.run(Thread.java:748)

------------------------------------------------------------------------------------------------------------------------

[2020-07-02 13:12:31 #1 type] 
Type AubergeInn.TupleClient is not enhanced.

[2020-07-02 13:12:31 #2 type] 
Type AubergeInn.TupleReservation is not enhanced.

[2020-07-02 13:12:40 #3 client] 
java.lang.NullPointerException
	at com.objectdb.o.VAR.J(VAR.java:299)
	at com.objectdb.o.VAR.Zm(VAR.java:261)
	at com.objectdb.o.VAR.C(VAR.java:639)
	at com.objectdb.o.QNF.s(QNF.java:1106)
	at com.objectdb.o.QNF.s(QNF.java:1000)
	at com.objectdb.o.QNF.q(QNF.java:790)
	at com.objectdb.o.QNF.v(QNF.java:259)
	at com.objectdb.o.QNF.f(QNF.java:519)
	at com.objectdb.o.QNF.v(QNF.java:190)
	at com.objectdb.o.QNF.w(QNF.java:136)
	at com.objectdb.o.QRC.n(QRC.java:351)
	at com.objectdb.o.QRC.t(QRC.java:239)
	at com.objectdb.o.QRC.j(QRC.java:190)
	at com.objectdb.o.QRM.ZU(QRM.java:273)
	at com.objectdb.o.MST.ZU(MST.java:1003)
	at com.objectdb.o.WRA.ZU(WRA.java:313)
	at com.objectdb.o.WSM.ZU(WSM.java:117)
	at com.objectdb.o.STC.h(STC.java:465)
	at com.objectdb.o.SHN.I(SHN.java:490)
	at com.objectdb.o.SHN.w(SHN.java:156)
	at com.objectdb.o.HND.run(HND.java:134)
	at java.lang.Thread.run(Thread.java:748)

[2020-07-02 13:12:40 #4 query] 
Error during query execution: select c from TupleClient c where c.iDClient = :idClient({idClient->1})

[2020-07-02 13:12:40 #5 *] 
java.lang.NullPointerException
	at com.objectdb.o.VAR.J(VAR.java:299)
	at com.objectdb.o.VAR.Zm(VAR.java:261)
	at com.objectdb.o.VAR.C(VAR.java:639)
	at com.objectdb.o.QNF.s(QNF.java:1106)
	at com.objectdb.o.QNF.s(QNF.java:1000)
	at com.objectdb.o.QNF.q(QNF.java:790)
	at com.objectdb.o.QNF.v(QNF.java:259)
	at com.objectdb.o.QNF.f(QNF.java:519)
	at com.objectdb.o.QNF.v(QNF.java:190)
	at com.objectdb.o.QNF.w(QNF.java:136)
	at com.objectdb.o.QRC.n(QRC.java:351)
	at com.objectdb.o.QRC.t(QRC.java:239)
	at com.objectdb.o.QRC.j(QRC.java:190)
	at com.objectdb.o.QRM.ZU(QRM.java:273)
	at com.objectdb.o.MST.ZU(MST.java:1003)
	at com.objectdb.o.WRA.ZU(WRA.java:313)
	at com.objectdb.o.WSM.ZU(WSM.java:117)
	at com.objectdb.o.STC.h(STC.java:465)
	at com.objectdb.o.SHN.I(SHN.java:490)
	at com.objectdb.o.SHN.w(SHN.java:156)
	at com.objectdb.o.HND.run(HND.java:134)
	at java.lang.Thread.run(Thread.java:748)

------------------------------------------------------------------------------------------------------------------------

[2020-07-02 13:12:56 #1 type] 
Type AubergeInn.TupleClient is not enhanced.

[2020-07-02 13:12:56 #2 type] 
Type AubergeInn.TupleReservation is not enhanced.

[2020-07-02 13:13:44 #3 client] 
java.lang.NullPointerException
	at com.objectdb.o.VAR.J(VAR.java:299)
	at com.objectdb.o.VAR.Zm(VAR.java:261)
	at com.objectdb.o.VAR.C(VAR.java:639)
	at com.objectdb.o.QNF.s(QNF.java:1106)
	at com.objectdb.o.QNF.s(QNF.java:1000)
	at com.objectdb.o.QNF.q(QNF.java:790)
	at com.objectdb.o.QNF.v(QNF.java:259)
	at com.objectdb.o.QNF.f(QNF.java:519)
	at com.objectdb.o.QNF.v(QNF.java:190)
	at com.objectdb.o.QNF.w(QNF.java:136)
	at com.objectdb.o.QRC.n(QRC.java:351)
	at com.objectdb.o.QRC.t(QRC.java:239)
	at com.objectdb.o.QRC.j(QRC.java:190)
	at com.objectdb.o.QRM.ZU(QRM.java:273)
	at com.objectdb.o.MST.ZU(MST.java:1003)
	at com.objectdb.o.WRA.ZU(WRA.java:313)
	at com.objectdb.o.WSM.ZU(WSM.java:117)
	at com.objectdb.o.STC.h(STC.java:465)
	at com.objectdb.o.SHN.I(SHN.java:490)
	at com.objectdb.o.SHN.w(SHN.java:156)
	at com.objectdb.o.HND.run(HND.java:134)
	at java.lang.Thread.run(Thread.java:748)

[2020-07-02 13:13:44 #4 query] 
Error during query execution: select c from TupleClient c where c.iDClient = :idClient({idClient->1})

[2020-07-02 13:13:44 #5 *] 
java.lang.NullPointerException
	at com.objectdb.o.VAR.J(VAR.java:299)
	at com.objectdb.o.VAR.Zm(VAR.java:261)
	at com.objectdb.o.VAR.C(VAR.java:639)
	at com.objectdb.o.QNF.s(QNF.java:1106)
	at com.objectdb.o.QNF.s(QNF.java:1000)
	at com.objectdb.o.QNF.q(QNF.java:790)
	at com.objectdb.o.QNF.v(QNF.java:259)
	at com.objectdb.o.QNF.f(QNF.java:519)
	at com.objectdb.o.QNF.v(QNF.java:190)
	at com.objectdb.o.QNF.w(QNF.java:136)
	at com.objectdb.o.QRC.n(QRC.java:351)
	at com.objectdb.o.QRC.t(QRC.java:239)
	at com.objectdb.o.QRC.j(QRC.java:190)
	at com.objectdb.o.QRM.ZU(QRM.java:273)
	at com.objectdb.o.MST.ZU(MST.java:1003)
	at com.objectdb.o.WRA.ZU(WRA.java:313)
	at com.objectdb.o.WSM.ZU(WSM.java:117)
	at com.objectdb.o.STC.h(STC.java:465)
	at com.objectdb.o.SHN.I(SHN.java:490)
	at com.objectdb.o.SHN.w(SHN.java:156)
	at com.objectdb.o.HND.run(HND.java:134)
	at java.lang.Thread.run(Thread.java:748)

------------------------------------------------------------------------------------------------------------------------

[2020-07-02 13:19:34 #1 type] 
Type AubergeInn.TupleClient is not enhanced.

[2020-07-02 13:19:34 #2 type] 
Type AubergeInn.TupleReservation is not enhanced.

[2020-07-02 13:19:53 #3 client] 
java.lang.NullPointerException
	at com.objectdb.o.VAR.J(VAR.java:299)
	at com.objectdb.o.VAR.Zm(VAR.java:261)
	at com.objectdb.o.VAR.C(VAR.java:639)
	at com.objectdb.o.QNF.s(QNF.java:1106)
	at com.objectdb.o.QNF.s(QNF.java:1000)
	at com.objectdb.o.QNF.q(QNF.java:790)
	at com.objectdb.o.QNF.v(QNF.java:259)
	at com.objectdb.o.QNF.f(QNF.java:519)
	at com.objectdb.o.QNF.v(QNF.java:190)
	at com.objectdb.o.QNF.w(QNF.java:136)
	at com.objectdb.o.QRC.n(QRC.java:351)
	at com.objectdb.o.QRC.t(QRC.java:239)
	at com.objectdb.o.QRC.j(QRC.java:190)
	at com.objectdb.o.QRM.ZU(QRM.java:273)
	at com.objectdb.o.MST.ZU(MST.java:1003)
	at com.objectdb.o.WRA.ZU(WRA.java:313)
	at com.objectdb.o.WSM.ZU(WSM.java:117)
	at com.objectdb.o.STC.h(STC.java:465)
	at com.objectdb.o.SHN.I(SHN.java:490)
	at com.objectdb.o.SHN.w(SHN.java:156)
	at com.objectdb.o.HND.run(HND.java:134)
	at java.lang.Thread.run(Thread.java:748)

[2020-07-02 13:19:53 #4 query] 
Error during query execution: select c from TupleClient c where c.iDClient = :idClient({idClient->1})

[2020-07-02 13:19:53 #5 *] 
java.lang.NullPointerException
	at com.objectdb.o.VAR.J(VAR.java:299)
	at com.objectdb.o.VAR.Zm(VAR.java:261)
	at com.objectdb.o.VAR.C(VAR.java:639)
	at com.objectdb.o.QNF.s(QNF.java:1106)
	at com.objectdb.o.QNF.s(QNF.java:1000)
	at com.objectdb.o.QNF.q(QNF.java:790)
	at com.objectdb.o.QNF.v(QNF.java:259)
	at com.objectdb.o.QNF.f(QNF.java:519)
	at com.objectdb.o.QNF.v(QNF.java:190)
	at com.objectdb.o.QNF.w(QNF.java:136)
	at com.objectdb.o.QRC.n(QRC.java:351)
	at com.objectdb.o.QRC.t(QRC.java:239)
	at com.objectdb.o.QRC.j(QRC.java:190)
	at com.objectdb.o.QRM.ZU(QRM.java:273)
	at com.objectdb.o.MST.ZU(MST.java:1003)
	at com.objectdb.o.WRA.ZU(WRA.java:313)
	at com.objectdb.o.WSM.ZU(WSM.java:117)
	at com.objectdb.o.STC.h(STC.java:465)
	at com.objectdb.o.SHN.I(SHN.java:490)
	at com.objectdb.o.SHN.w(SHN.java:156)
	at com.objectdb.o.HND.run(HND.java:134)
	at java.lang.Thread.run(Thread.java:748)

[2020-07-02 13:20:09 #6 client] 
java.lang.NullPointerException
	at com.objectdb.o.VAR.J(VAR.java:299)
	at com.objectdb.o.VAR.Zm(VAR.java:261)
	at com.objectdb.o.VAR.C(VAR.java:639)
	at com.objectdb.o.QNF.s(QNF.java:1106)
	at com.objectdb.o.QNF.s(QNF.java:1000)
	at com.objectdb.o.QNF.q(QNF.java:790)
	at com.objectdb.o.QNF.v(QNF.java:259)
	at com.objectdb.o.QNF.f(QNF.java:519)
	at com.objectdb.o.QNF.v(QNF.java:190)
	at com.objectdb.o.QNF.w(QNF.java:136)
	at com.objectdb.o.QRC.n(QRC.java:351)
	at com.objectdb.o.QRC.t(QRC.java:239)
	at com.objectdb.o.QRC.j(QRC.java:190)
	at com.objectdb.o.QRM.ZU(QRM.java:273)
	at com.objectdb.o.MST.ZU(MST.java:1003)
	at com.objectdb.o.WRA.ZU(WRA.java:313)
	at com.objectdb.o.WSM.ZU(WSM.java:117)
	at com.objectdb.o.STC.h(STC.java:465)
	at com.objectdb.o.SHN.I(SHN.java:490)
	at com.objectdb.o.SHN.w(SHN.java:156)
	at com.objectdb.o.HND.run(HND.java:134)
	at java.lang.Thread.run(Thread.java:748)

[2020-07-02 13:20:09 #7 query] 
Error during query execution: select c from TupleClient c where c.iDClient = :idClient({idClient->1})

[2020-07-02 13:20:09 #8 *] 
java.lang.NullPointerException
	at com.objectdb.o.VAR.J(VAR.java:299)
	at com.objectdb.o.VAR.Zm(VAR.java:261)
	at com.objectdb.o.VAR.C(VAR.java:639)
	at com.objectdb.o.QNF.s(QNF.java:1106)
	at com.objectdb.o.QNF.s(QNF.java:1000)
	at com.objectdb.o.QNF.q(QNF.java:790)
	at com.objectdb.o.QNF.v(QNF.java:259)
	at com.objectdb.o.QNF.f(QNF.java:519)
	at com.objectdb.o.QNF.v(QNF.java:190)
	at com.objectdb.o.QNF.w(QNF.java:136)
	at com.objectdb.o.QRC.n(QRC.java:351)
	at com.objectdb.o.QRC.t(QRC.java:239)
	at com.objectdb.o.QRC.j(QRC.java:190)
	at com.objectdb.o.QRM.ZU(QRM.java:273)
	at com.objectdb.o.MST.ZU(MST.java:1003)
	at com.objectdb.o.WRA.ZU(WRA.java:313)
	at com.objectdb.o.WSM.ZU(WSM.java:117)
	at com.objectdb.o.STC.h(STC.java:465)
	at com.objectdb.o.SHN.I(SHN.java:490)
	at com.objectdb.o.SHN.w(SHN.java:156)
	at com.objectdb.o.HND.run(HND.java:134)
	at java.lang.Thread.run(Thread.java:748)

------------------------------------------------------------------------------------------------------------------------

[2020-07-02 13:29:10 #1 type] 
Type AubergeInn.TupleClient is not enhanced.

------------------------------------------------------------------------------------------------------------------------

[2020-07-02 13:32:11 #1 type] 
Type AubergeInn.TupleClient is not enhanced.

[2020-07-02 13:32:11 #2 type] 
Type AubergeInn.TupleReservation is not enhanced.

------------------------------------------------------------------------------------------------------------------------

[2020-07-02 13:32:24 #1 type] 
Type AubergeInn.TupleClient is not enhanced.

[2020-07-02 13:32:24 #2 type] 
Type AubergeInn.TupleReservation is not enhanced.

[2020-07-02 13:32:59 #3 client] 
java.lang.NullPointerException
	at com.objectdb.o.VAR.J(VAR.java:299)
	at com.objectdb.o.VAR.Zm(VAR.java:261)
	at com.objectdb.o.VAR.C(VAR.java:639)
	at com.objectdb.o.QNF.s(QNF.java:1106)
	at com.objectdb.o.QNF.s(QNF.java:1000)
	at com.objectdb.o.QNF.q(QNF.java:790)
	at com.objectdb.o.QNF.v(QNF.java:259)
	at com.objectdb.o.QNF.f(QNF.java:519)
	at com.objectdb.o.QNF.v(QNF.java:190)
	at com.objectdb.o.QNF.w(QNF.java:136)
	at com.objectdb.o.QRC.n(QRC.java:351)
	at com.objectdb.o.QRC.t(QRC.java:239)
	at com.objectdb.o.QRC.j(QRC.java:190)
	at com.objectdb.o.QRM.ZU(QRM.java:273)
	at com.objectdb.o.MST.ZU(MST.java:1003)
	at com.objectdb.o.WRA.ZU(WRA.java:313)
	at com.objectdb.o.WSM.ZU(WSM.java:117)
	at com.objectdb.o.STC.h(STC.java:465)
	at com.objectdb.o.SHN.I(SHN.java:490)
	at com.objectdb.o.SHN.w(SHN.java:156)
	at com.objectdb.o.HND.run(HND.java:134)
	at java.lang.Thread.run(Thread.java:748)

[2020-07-02 13:32:59 #4 query] 
Error during query execution: select c from TupleClient c where c.iDClient = :idClient({idClient->2})

[2020-07-02 13:32:59 #5 *] 
java.lang.NullPointerException
	at com.objectdb.o.VAR.J(VAR.java:299)
	at com.objectdb.o.VAR.Zm(VAR.java:261)
	at com.objectdb.o.VAR.C(VAR.java:639)
	at com.objectdb.o.QNF.s(QNF.java:1106)
	at com.objectdb.o.QNF.s(QNF.java:1000)
	at com.objectdb.o.QNF.q(QNF.java:790)
	at com.objectdb.o.QNF.v(QNF.java:259)
	at com.objectdb.o.QNF.f(QNF.java:519)
	at com.objectdb.o.QNF.v(QNF.java:190)
	at com.objectdb.o.QNF.w(QNF.java:136)
	at com.objectdb.o.QRC.n(QRC.java:351)
	at com.objectdb.o.QRC.t(QRC.java:239)
	at com.objectdb.o.QRC.j(QRC.java:190)
	at com.objectdb.o.QRM.ZU(QRM.java:273)
	at com.objectdb.o.MST.ZU(MST.java:1003)
	at com.objectdb.o.WRA.ZU(WRA.java:313)
	at com.objectdb.o.WSM.ZU(WSM.java:117)
	at com.objectdb.o.STC.h(STC.java:465)
	at com.objectdb.o.SHN.I(SHN.java:490)
	at com.objectdb.o.SHN.w(SHN.java:156)
	at com.objectdb.o.HND.run(HND.java:134)
	at java.lang.Thread.run(Thread.java:748)

------------------------------------------------------------------------------------------------------------------------

[2020-07-02 13:33:55 #1 type] 
Type AubergeInn.TupleClient is not enhanced.

[2020-07-02 13:33:55 #2 type] 
Type AubergeInn.TupleReservation is not enhanced.

------------------------------------------------------------------------------------------------------------------------

[2020-07-02 13:34:04 #1 type] 
Type AubergeInn.TupleClient is not enhanced.

[2020-07-02 13:34:04 #2 type] 
Type AubergeInn.TupleReservation is not enhanced.

[2020-07-02 13:34:43 #3 client] 
java.lang.NullPointerException
	at com.objectdb.o.VAR.J(VAR.java:299)
	at com.objectdb.o.VAR.Zm(VAR.java:261)
	at com.objectdb.o.VAR.C(VAR.java:639)
	at com.objectdb.o.QNF.s(QNF.java:1106)
	at com.objectdb.o.QNF.s(QNF.java:1000)
	at com.objectdb.o.QNF.q(QNF.java:790)
	at com.objectdb.o.QNF.v(QNF.java:259)
	at com.objectdb.o.QNF.f(QNF.java:519)
	at com.objectdb.o.QNF.v(QNF.java:190)
	at com.objectdb.o.QNF.w(QNF.java:136)
	at com.objectdb.o.QRC.n(QRC.java:351)
	at com.objectdb.o.QRC.t(QRC.java:239)
	at com.objectdb.o.QRC.j(QRC.java:190)
	at com.objectdb.o.QRM.ZU(QRM.java:273)
	at com.objectdb.o.MST.ZU(MST.java:1003)
	at com.objectdb.o.WRA.ZU(WRA.java:313)
	at com.objectdb.o.WSM.ZU(WSM.java:117)
	at com.objectdb.o.STC.h(STC.java:465)
	at com.objectdb.o.SHN.I(SHN.java:490)
	at com.objectdb.o.SHN.w(SHN.java:156)
	at com.objectdb.o.HND.run(HND.java:134)
	at java.lang.Thread.run(Thread.java:748)

[2020-07-02 13:34:43 #4 query] 
Error during query execution: select c from TupleClient c where c.iDClient = :idClient({idClient->2})

[2020-07-02 13:34:43 #5 *] 
java.lang.NullPointerException
	at com.objectdb.o.VAR.J(VAR.java:299)
	at com.objectdb.o.VAR.Zm(VAR.java:261)
	at com.objectdb.o.VAR.C(VAR.java:639)
	at com.objectdb.o.QNF.s(QNF.java:1106)
	at com.objectdb.o.QNF.s(QNF.java:1000)
	at com.objectdb.o.QNF.q(QNF.java:790)
	at com.objectdb.o.QNF.v(QNF.java:259)
	at com.objectdb.o.QNF.f(QNF.java:519)
	at com.objectdb.o.QNF.v(QNF.java:190)
	at com.objectdb.o.QNF.w(QNF.java:136)
	at com.objectdb.o.QRC.n(QRC.java:351)
	at com.objectdb.o.QRC.t(QRC.java:239)
	at com.objectdb.o.QRC.j(QRC.java:190)
	at com.objectdb.o.QRM.ZU(QRM.java:273)
	at com.objectdb.o.MST.ZU(MST.java:1003)
	at com.objectdb.o.WRA.ZU(WRA.java:313)
	at com.objectdb.o.WSM.ZU(WSM.java:117)
	at com.objectdb.o.STC.h(STC.java:465)
	at com.objectdb.o.SHN.I(SHN.java:490)
	at com.objectdb.o.SHN.w(SHN.java:156)
	at com.objectdb.o.HND.run(HND.java:134)
	at java.lang.Thread.run(Thread.java:748)

------------------------------------------------------------------------------------------------------------------------

[2020-07-02 13:37:32 #1 type] 
Type AubergeInn.TupleClient is not enhanced.

[2020-07-02 13:37:32 #2 type] 
Type AubergeInn.TupleReservation is not enhanced.

------------------------------------------------------------------------------------------------------------------------

[2020-07-02 13:37:40 #1 type] 
Type AubergeInn.TupleClient is not enhanced.

[2020-07-02 13:37:40 #2 type] 
Type AubergeInn.TupleReservation is not enhanced.

[2020-07-02 13:38:09 #3 client] 
java.lang.NullPointerException
	at com.objectdb.o.VAR.J(VAR.java:299)
	at com.objectdb.o.VAR.Zm(VAR.java:261)
	at com.objectdb.o.VAR.C(VAR.java:639)
	at com.objectdb.o.QNF.s(QNF.java:1106)
	at com.objectdb.o.QNF.s(QNF.java:1000)
	at com.objectdb.o.QNF.q(QNF.java:790)
	at com.objectdb.o.QNF.v(QNF.java:259)
	at com.objectdb.o.QNF.f(QNF.java:519)
	at com.objectdb.o.QNF.v(QNF.java:190)
	at com.objectdb.o.QNF.w(QNF.java:136)
	at com.objectdb.o.QRC.n(QRC.java:351)
	at com.objectdb.o.QRC.t(QRC.java:239)
	at com.objectdb.o.QRC.j(QRC.java:190)
	at com.objectdb.o.QRM.ZU(QRM.java:273)
	at com.objectdb.o.MST.ZU(MST.java:1003)
	at com.objectdb.o.WRA.ZU(WRA.java:313)
	at com.objectdb.o.WSM.ZU(WSM.java:117)
	at com.objectdb.o.STC.h(STC.java:465)
	at com.objectdb.o.SHN.I(SHN.java:490)
	at com.objectdb.o.SHN.w(SHN.java:156)
	at com.objectdb.o.HND.run(HND.java:134)
	at java.lang.Thread.run(Thread.java:748)

[2020-07-02 13:38:09 #4 query] 
Error during query execution: select c from TupleClient c where c.iDClient = :idClient({idClient->2})

[2020-07-02 13:38:09 #5 *] 
java.lang.NullPointerException
	at com.objectdb.o.VAR.J(VAR.java:299)
	at com.objectdb.o.VAR.Zm(VAR.java:261)
	at com.objectdb.o.VAR.C(VAR.java:639)
	at com.objectdb.o.QNF.s(QNF.java:1106)
	at com.objectdb.o.QNF.s(QNF.java:1000)
	at com.objectdb.o.QNF.q(QNF.java:790)
	at com.objectdb.o.QNF.v(QNF.java:259)
	at com.objectdb.o.QNF.f(QNF.java:519)
	at com.objectdb.o.QNF.v(QNF.java:190)
	at com.objectdb.o.QNF.w(QNF.java:136)
	at com.objectdb.o.QRC.n(QRC.java:351)
	at com.objectdb.o.QRC.t(QRC.java:239)
	at com.objectdb.o.QRC.j(QRC.java:190)
	at com.objectdb.o.QRM.ZU(QRM.java:273)
	at com.objectdb.o.MST.ZU(MST.java:1003)
	at com.objectdb.o.WRA.ZU(WRA.java:313)
	at com.objectdb.o.WSM.ZU(WSM.java:117)
	at com.objectdb.o.STC.h(STC.java:465)
	at com.objectdb.o.SHN.I(SHN.java:490)
	at com.objectdb.o.SHN.w(SHN.java:156)
	at com.objectdb.o.HND.run(HND.java:134)
	at java.lang.Thread.run(Thread.java:748)

------------------------------------------------------------------------------------------------------------------------

[2020-07-02 13:38:32 #1 type] 
Type AubergeInn.TupleClient is not enhanced.

------------------------------------------------------------------------------------------------------------------------

[2020-07-02 13:44:55 #1 type] 
Type AubergeInn.TupleClient is not enhanced.

[2020-07-02 13:44:55 #2 type] 
Type AubergeInn.TupleReservation is not enhanced.

------------------------------------------------------------------------------------------------------------------------

[2020-07-02 13:45:07 #1 type] 
Type AubergeInn.TupleClient is not enhanced.

[2020-07-02 13:45:07 #2 type] 
Type AubergeInn.TupleReservation is not enhanced.

[2020-07-02 13:45:33 #3 client] 
java.lang.NullPointerException
	at com.objectdb.o.VAR.J(VAR.java:299)
	at com.objectdb.o.VAR.Zm(VAR.java:261)
	at com.objectdb.o.VAR.C(VAR.java:639)
	at com.objectdb.o.QNF.s(QNF.java:1106)
	at com.objectdb.o.QNF.s(QNF.java:1000)
	at com.objectdb.o.QNF.q(QNF.java:790)
	at com.objectdb.o.QNF.v(QNF.java:259)
	at com.objectdb.o.QNF.f(QNF.java:519)
	at com.objectdb.o.QNF.v(QNF.java:190)
	at com.objectdb.o.QNF.w(QNF.java:136)
	at com.objectdb.o.QRC.n(QRC.java:351)
	at com.objectdb.o.QRC.t(QRC.java:239)
	at com.objectdb.o.QRC.j(QRC.java:190)
	at com.objectdb.o.QRM.ZU(QRM.java:273)
	at com.objectdb.o.MST.ZU(MST.java:1003)
	at com.objectdb.o.WRA.ZU(WRA.java:313)
	at com.objectdb.o.WSM.ZU(WSM.java:117)
	at com.objectdb.o.STC.h(STC.java:465)
	at com.objectdb.o.SHN.I(SHN.java:490)
	at com.objectdb.o.SHN.w(SHN.java:156)
	at com.objectdb.o.HND.run(HND.java:134)
	at java.lang.Thread.run(Thread.java:748)

[2020-07-02 13:45:33 #4 query] 
Error during query execution: select c from TupleClient c where c.iDClient = :idClient({idClient->1})

[2020-07-02 13:45:33 #5 *] 
java.lang.NullPointerException
	at com.objectdb.o.VAR.J(VAR.java:299)
	at com.objectdb.o.VAR.Zm(VAR.java:261)
	at com.objectdb.o.VAR.C(VAR.java:639)
	at com.objectdb.o.QNF.s(QNF.java:1106)
	at com.objectdb.o.QNF.s(QNF.java:1000)
	at com.objectdb.o.QNF.q(QNF.java:790)
	at com.objectdb.o.QNF.v(QNF.java:259)
	at com.objectdb.o.QNF.f(QNF.java:519)
	at com.objectdb.o.QNF.v(QNF.java:190)
	at com.objectdb.o.QNF.w(QNF.java:136)
	at com.objectdb.o.QRC.n(QRC.java:351)
	at com.objectdb.o.QRC.t(QRC.java:239)
	at com.objectdb.o.QRC.j(QRC.java:190)
	at com.objectdb.o.QRM.ZU(QRM.java:273)
	at com.objectdb.o.MST.ZU(MST.java:1003)
	at com.objectdb.o.WRA.ZU(WRA.java:313)
	at com.objectdb.o.WSM.ZU(WSM.java:117)
	at com.objectdb.o.STC.h(STC.java:465)
	at com.objectdb.o.SHN.I(SHN.java:490)
	at com.objectdb.o.SHN.w(SHN.java:156)
	at com.objectdb.o.HND.run(HND.java:134)
	at java.lang.Thread.run(Thread.java:748)

------------------------------------------------------------------------------------------------------------------------

[2020-07-02 13:49:25 #1 type] 
Type AubergeInn.TupleClient is not enhanced.

[2020-07-02 13:49:25 #2 type] 
Type AubergeInn.TupleReservation is not enhanced.

------------------------------------------------------------------------------------------------------------------------

[2020-07-02 13:49:32 #1 type] 
Type AubergeInn.TupleClient is not enhanced.

[2020-07-02 13:49:32 #2 type] 
Type AubergeInn.TupleReservation is not enhanced.

[2020-07-02 13:49:54 #3 client] 
java.lang.NullPointerException
	at com.objectdb.o.VAR.J(VAR.java:299)
	at com.objectdb.o.VAR.Zm(VAR.java:261)
	at com.objectdb.o.VAR.C(VAR.java:639)
	at com.objectdb.o.QNF.s(QNF.java:1106)
	at com.objectdb.o.QNF.s(QNF.java:1000)
	at com.objectdb.o.QNF.q(QNF.java:790)
	at com.objectdb.o.QNF.v(QNF.java:259)
	at com.objectdb.o.QNF.f(QNF.java:519)
	at com.objectdb.o.QNF.v(QNF.java:190)
	at com.objectdb.o.QNF.w(QNF.java:136)
	at com.objectdb.o.QRC.n(QRC.java:351)
	at com.objectdb.o.QRC.t(QRC.java:239)
	at com.objectdb.o.QRC.j(QRC.java:190)
	at com.objectdb.o.QRM.ZU(QRM.java:273)
	at com.objectdb.o.MST.ZU(MST.java:1003)
	at com.objectdb.o.WRA.ZU(WRA.java:313)
	at com.objectdb.o.WSM.ZU(WSM.java:117)
	at com.objectdb.o.STC.h(STC.java:465)
	at com.objectdb.o.SHN.I(SHN.java:490)
	at com.objectdb.o.SHN.w(SHN.java:156)
	at com.objectdb.o.HND.run(HND.java:134)
	at java.lang.Thread.run(Thread.java:748)

[2020-07-02 13:49:54 #4 query] 
Error during query execution: select c from TupleClient c where c.iDClient = :idClient({idClient->1})

[2020-07-02 13:49:54 #5 *] 
java.lang.NullPointerException
	at com.objectdb.o.VAR.J(VAR.java:299)
	at com.objectdb.o.VAR.Zm(VAR.java:261)
	at com.objectdb.o.VAR.C(VAR.java:639)
	at com.objectdb.o.QNF.s(QNF.java:1106)
	at com.objectdb.o.QNF.s(QNF.java:1000)
	at com.objectdb.o.QNF.q(QNF.java:790)
	at com.objectdb.o.QNF.v(QNF.java:259)
	at com.objectdb.o.QNF.f(QNF.java:519)
	at com.objectdb.o.QNF.v(QNF.java:190)
	at com.objectdb.o.QNF.w(QNF.java:136)
	at com.objectdb.o.QRC.n(QRC.java:351)
	at com.objectdb.o.QRC.t(QRC.java:239)
	at com.objectdb.o.QRC.j(QRC.java:190)
	at com.objectdb.o.QRM.ZU(QRM.java:273)
	at com.objectdb.o.MST.ZU(MST.java:1003)
	at com.objectdb.o.WRA.ZU(WRA.java:313)
	at com.objectdb.o.WSM.ZU(WSM.java:117)
	at com.objectdb.o.STC.h(STC.java:465)
	at com.objectdb.o.SHN.I(SHN.java:490)
	at com.objectdb.o.SHN.w(SHN.java:156)
	at com.objectdb.o.HND.run(HND.java:134)
	at java.lang.Thread.run(Thread.java:748)

------------------------------------------------------------------------------------------------------------------------

[2020-07-02 13:51:12 #1 type] 
Type AubergeInn.TupleClient is not enhanced.

[2020-07-02 13:51:12 #2 type] 
Type AubergeInn.TupleReservation is not enhanced.

[2020-07-02 13:51:39 #3 client] 
java.lang.NullPointerException
	at com.objectdb.o.VAR.J(VAR.java:299)
	at com.objectdb.o.VAR.Zm(VAR.java:261)
	at com.objectdb.o.VAR.C(VAR.java:639)
	at com.objectdb.o.QNF.s(QNF.java:1106)
	at com.objectdb.o.QNF.s(QNF.java:1000)
	at com.objectdb.o.QNF.q(QNF.java:790)
	at com.objectdb.o.QNF.v(QNF.java:259)
	at com.objectdb.o.QNF.f(QNF.java:519)
	at com.objectdb.o.QNF.v(QNF.java:190)
	at com.objectdb.o.QNF.w(QNF.java:136)
	at com.objectdb.o.QRC.n(QRC.java:351)
	at com.objectdb.o.QRC.t(QRC.java:239)
	at com.objectdb.o.QRC.j(QRC.java:190)
	at com.objectdb.o.QRM.ZU(QRM.java:273)
	at com.objectdb.o.MST.ZU(MST.java:1003)
	at com.objectdb.o.WRA.ZU(WRA.java:313)
	at com.objectdb.o.WSM.ZU(WSM.java:117)
	at com.objectdb.o.STC.h(STC.java:465)
	at com.objectdb.o.SHN.I(SHN.java:490)
	at com.objectdb.o.SHN.w(SHN.java:156)
	at com.objectdb.o.HND.run(HND.java:134)
	at java.lang.Thread.run(Thread.java:748)

[2020-07-02 13:51:39 #4 query] 
Error during query execution: select c from TupleClient c where c.iDClient = :idClient({idClient->1})

[2020-07-02 13:51:39 #5 *] 
java.lang.NullPointerException
	at com.objectdb.o.VAR.J(VAR.java:299)
	at com.objectdb.o.VAR.Zm(VAR.java:261)
	at com.objectdb.o.VAR.C(VAR.java:639)
	at com.objectdb.o.QNF.s(QNF.java:1106)
	at com.objectdb.o.QNF.s(QNF.java:1000)
	at com.objectdb.o.QNF.q(QNF.java:790)
	at com.objectdb.o.QNF.v(QNF.java:259)
	at com.objectdb.o.QNF.f(QNF.java:519)
	at com.objectdb.o.QNF.v(QNF.java:190)
	at com.objectdb.o.QNF.w(QNF.java:136)
	at com.objectdb.o.QRC.n(QRC.java:351)
	at com.objectdb.o.QRC.t(QRC.java:239)
	at com.objectdb.o.QRC.j(QRC.java:190)
	at com.objectdb.o.QRM.ZU(QRM.java:273)
	at com.objectdb.o.MST.ZU(MST.java:1003)
	at com.objectdb.o.WRA.ZU(WRA.java:313)
	at com.objectdb.o.WSM.ZU(WSM.java:117)
	at com.objectdb.o.STC.h(STC.java:465)
	at com.objectdb.o.SHN.I(SHN.java:490)
	at com.objectdb.o.SHN.w(SHN.java:156)
	at com.objectdb.o.HND.run(HND.java:134)
	at java.lang.Thread.run(Thread.java:748)

------------------------------------------------------------------------------------------------------------------------

[2020-07-02 13:54:58 #1 type] 
Type AubergeInn.TupleClient is not enhanced.

[2020-07-02 13:54:58 #2 type] 
Type AubergeInn.TupleReservation is not enhanced.

------------------------------------------------------------------------------------------------------------------------

[2020-07-02 13:55:08 #1 type] 
Type AubergeInn.TupleClient is not enhanced.

[2020-07-02 13:55:08 #2 type] 
Type AubergeInn.TupleReservation is not enhanced.

[2020-07-02 13:55:35 #3 client] 
java.lang.NullPointerException
	at com.objectdb.o.VAR.J(VAR.java:299)
	at com.objectdb.o.VAR.Zm(VAR.java:261)
	at com.objectdb.o.VAR.C(VAR.java:639)
	at com.objectdb.o.QNF.s(QNF.java:1106)
	at com.objectdb.o.QNF.s(QNF.java:1000)
	at com.objectdb.o.QNF.q(QNF.java:790)
	at com.objectdb.o.QNF.v(QNF.java:259)
	at com.objectdb.o.QNF.f(QNF.java:519)
	at com.objectdb.o.QNF.v(QNF.java:190)
	at com.objectdb.o.QNF.w(QNF.java:136)
	at com.objectdb.o.QRC.n(QRC.java:351)
	at com.objectdb.o.QRC.t(QRC.java:239)
	at com.objectdb.o.QRC.j(QRC.java:190)
	at com.objectdb.o.QRM.ZU(QRM.java:273)
	at com.objectdb.o.MST.ZU(MST.java:1003)
	at com.objectdb.o.WRA.ZU(WRA.java:313)
	at com.objectdb.o.WSM.ZU(WSM.java:117)
	at com.objectdb.o.STC.h(STC.java:465)
	at com.objectdb.o.SHN.I(SHN.java:490)
	at com.objectdb.o.SHN.w(SHN.java:156)
	at com.objectdb.o.HND.run(HND.java:134)
	at java.lang.Thread.run(Thread.java:748)

[2020-07-02 13:55:35 #4 query] 
Error during query execution: select c from TupleClient c where c.iDClient = :idClient({idClient->1})

[2020-07-02 13:55:35 #5 *] 
java.lang.NullPointerException
	at com.objectdb.o.VAR.J(VAR.java:299)
	at com.objectdb.o.VAR.Zm(VAR.java:261)
	at com.objectdb.o.VAR.C(VAR.java:639)
	at com.objectdb.o.QNF.s(QNF.java:1106)
	at com.objectdb.o.QNF.s(QNF.java:1000)
	at com.objectdb.o.QNF.q(QNF.java:790)
	at com.objectdb.o.QNF.v(QNF.java:259)
	at com.objectdb.o.QNF.f(QNF.java:519)
	at com.objectdb.o.QNF.v(QNF.java:190)
	at com.objectdb.o.QNF.w(QNF.java:136)
	at com.objectdb.o.QRC.n(QRC.java:351)
	at com.objectdb.o.QRC.t(QRC.java:239)
	at com.objectdb.o.QRC.j(QRC.java:190)
	at com.objectdb.o.QRM.ZU(QRM.java:273)
	at com.objectdb.o.MST.ZU(MST.java:1003)
	at com.objectdb.o.WRA.ZU(WRA.java:313)
	at com.objectdb.o.WSM.ZU(WSM.java:117)
	at com.objectdb.o.STC.h(STC.java:465)
	at com.objectdb.o.SHN.I(SHN.java:490)
	at com.objectdb.o.SHN.w(SHN.java:156)
	at com.objectdb.o.HND.run(HND.java:134)
	at java.lang.Thread.run(Thread.java:748)

------------------------------------------------------------------------------------------------------------------------

[2020-07-02 13:57:08 #1 type] 
Type AubergeInn.TupleClient is not enhanced.

[2020-07-02 13:57:08 #2 type] 
Type AubergeInn.TupleReservation is not enhanced.

------------------------------------------------------------------------------------------------------------------------

[2020-07-02 13:57:19 #1 type] 
Type AubergeInn.TupleClient is not enhanced.

[2020-07-02 13:57:19 #2 type] 
Type AubergeInn.TupleReservation is not enhanced.

[2020-07-02 13:57:38 #3 client] 
java.lang.NullPointerException
	at com.objectdb.o.VAR.J(VAR.java:299)
	at com.objectdb.o.VAR.Zm(VAR.java:261)
	at com.objectdb.o.VAR.C(VAR.java:639)
	at com.objectdb.o.QNF.s(QNF.java:1106)
	at com.objectdb.o.QNF.s(QNF.java:1000)
	at com.objectdb.o.QNF.q(QNF.java:790)
	at com.objectdb.o.QNF.v(QNF.java:259)
	at com.objectdb.o.QNF.f(QNF.java:519)
	at com.objectdb.o.QNF.v(QNF.java:190)
	at com.objectdb.o.QNF.w(QNF.java:136)
	at com.objectdb.o.QRC.n(QRC.java:351)
	at com.objectdb.o.QRC.t(QRC.java:239)
	at com.objectdb.o.QRC.j(QRC.java:190)
	at com.objectdb.o.QRM.ZU(QRM.java:273)
	at com.objectdb.o.MST.ZU(MST.java:1003)
	at com.objectdb.o.WRA.ZU(WRA.java:313)
	at com.objectdb.o.WSM.ZU(WSM.java:117)
	at com.objectdb.o.STC.h(STC.java:465)
	at com.objectdb.o.SHN.I(SHN.java:490)
	at com.objectdb.o.SHN.w(SHN.java:156)
	at com.objectdb.o.HND.run(HND.java:134)
	at java.lang.Thread.run(Thread.java:748)

[2020-07-02 13:57:38 #4 query] 
Error during query execution: select c from TupleClient c where c.iDClient = :idClient({idClient->2})

[2020-07-02 13:57:38 #5 *] 
java.lang.NullPointerException
	at com.objectdb.o.VAR.J(VAR.java:299)
	at com.objectdb.o.VAR.Zm(VAR.java:261)
	at com.objectdb.o.VAR.C(VAR.java:639)
	at com.objectdb.o.QNF.s(QNF.java:1106)
	at com.objectdb.o.QNF.s(QNF.java:1000)
	at com.objectdb.o.QNF.q(QNF.java:790)
	at com.objectdb.o.QNF.v(QNF.java:259)
	at com.objectdb.o.QNF.f(QNF.java:519)
	at com.objectdb.o.QNF.v(QNF.java:190)
	at com.objectdb.o.QNF.w(QNF.java:136)
	at com.objectdb.o.QRC.n(QRC.java:351)
	at com.objectdb.o.QRC.t(QRC.java:239)
	at com.objectdb.o.QRC.j(QRC.java:190)
	at com.objectdb.o.QRM.ZU(QRM.java:273)
	at com.objectdb.o.MST.ZU(MST.java:1003)
	at com.objectdb.o.WRA.ZU(WRA.java:313)
	at com.objectdb.o.WSM.ZU(WSM.java:117)
	at com.objectdb.o.STC.h(STC.java:465)
	at com.objectdb.o.SHN.I(SHN.java:490)
	at com.objectdb.o.SHN.w(SHN.java:156)
	at com.objectdb.o.HND.run(HND.java:134)
	at java.lang.Thread.run(Thread.java:748)

------------------------------------------------------------------------------------------------------------------------

[2020-07-02 14:04:48 #1 type] 
Type AubergeInn.TupleClient is not enhanced.

[2020-07-02 14:04:48 #2 type] 
Type AubergeInn.TupleReservation is not enhanced.

------------------------------------------------------------------------------------------------------------------------

[2020-07-02 14:04:52 #1 type] 
Type AubergeInn.TupleClient is not enhanced.

[2020-07-02 14:04:52 #2 type] 
Type AubergeInn.TupleReservation is not enhanced.

[2020-07-02 14:05:06 #3 client] 
java.lang.NullPointerException
	at com.objectdb.o.VAR.J(VAR.java:299)
	at com.objectdb.o.VAR.Zm(VAR.java:261)
	at com.objectdb.o.VAR.C(VAR.java:639)
	at com.objectdb.o.QNF.s(QNF.java:1106)
	at com.objectdb.o.QNF.s(QNF.java:1000)
	at com.objectdb.o.QNF.q(QNF.java:790)
	at com.objectdb.o.QNF.v(QNF.java:259)
	at com.objectdb.o.QNF.f(QNF.java:519)
	at com.objectdb.o.QNF.v(QNF.java:190)
	at com.objectdb.o.QNF.w(QNF.java:136)
	at com.objectdb.o.QRC.n(QRC.java:351)
	at com.objectdb.o.QRC.t(QRC.java:239)
	at com.objectdb.o.QRC.j(QRC.java:190)
	at com.objectdb.o.QRM.ZU(QRM.java:273)
	at com.objectdb.o.MST.ZU(MST.java:1003)
	at com.objectdb.o.WRA.ZU(WRA.java:313)
	at com.objectdb.o.WSM.ZU(WSM.java:117)
	at com.objectdb.o.STC.h(STC.java:465)
	at com.objectdb.o.SHN.I(SHN.java:490)
	at com.objectdb.o.SHN.w(SHN.java:156)
	at com.objectdb.o.HND.run(HND.java:134)
	at java.lang.Thread.run(Thread.java:748)

[2020-07-02 14:05:06 #4 query] 
Error during query execution: select c from TupleClient c where c.iDClient = :idClient({idClient->3})

[2020-07-02 14:05:06 #5 *] 
java.lang.NullPointerException
	at com.objectdb.o.VAR.J(VAR.java:299)
	at com.objectdb.o.VAR.Zm(VAR.java:261)
	at com.objectdb.o.VAR.C(VAR.java:639)
	at com.objectdb.o.QNF.s(QNF.java:1106)
	at com.objectdb.o.QNF.s(QNF.java:1000)
	at com.objectdb.o.QNF.q(QNF.java:790)
	at com.objectdb.o.QNF.v(QNF.java:259)
	at com.objectdb.o.QNF.f(QNF.java:519)
	at com.objectdb.o.QNF.v(QNF.java:190)
	at com.objectdb.o.QNF.w(QNF.java:136)
	at com.objectdb.o.QRC.n(QRC.java:351)
	at com.objectdb.o.QRC.t(QRC.java:239)
	at com.objectdb.o.QRC.j(QRC.java:190)
	at com.objectdb.o.QRM.ZU(QRM.java:273)
	at com.objectdb.o.MST.ZU(MST.java:1003)
	at com.objectdb.o.WRA.ZU(WRA.java:313)
	at com.objectdb.o.WSM.ZU(WSM.java:117)
	at com.objectdb.o.STC.h(STC.java:465)
	at com.objectdb.o.SHN.I(SHN.java:490)
	at com.objectdb.o.SHN.w(SHN.java:156)
	at com.objectdb.o.HND.run(HND.java:134)
	at java.lang.Thread.run(Thread.java:748)

[2020-07-02 14:05:23 #6 client] 
java.lang.NullPointerException
	at com.objectdb.o.VAR.J(VAR.java:299)
	at com.objectdb.o.VAR.Zm(VAR.java:261)
	at com.objectdb.o.VAR.C(VAR.java:639)
	at com.objectdb.o.QNF.s(QNF.java:1106)
	at com.objectdb.o.QNF.s(QNF.java:1000)
	at com.objectdb.o.QNF.q(QNF.java:790)
	at com.objectdb.o.QNF.v(QNF.java:259)
	at com.objectdb.o.QNF.f(QNF.java:519)
	at com.objectdb.o.QNF.v(QNF.java:190)
	at com.objectdb.o.QNF.w(QNF.java:136)
	at com.objectdb.o.QRC.n(QRC.java:351)
	at com.objectdb.o.QRC.t(QRC.java:239)
	at com.objectdb.o.QRC.j(QRC.java:190)
	at com.objectdb.o.QRM.ZU(QRM.java:273)
	at com.objectdb.o.MST.ZU(MST.java:1003)
	at com.objectdb.o.WRA.ZU(WRA.java:313)
	at com.objectdb.o.WSM.ZU(WSM.java:117)
	at com.objectdb.o.STC.h(STC.java:465)
	at com.objectdb.o.SHN.I(SHN.java:490)
	at com.objectdb.o.SHN.w(SHN.java:156)
	at com.objectdb.o.HND.run(HND.java:134)
	at java.lang.Thread.run(Thread.java:748)

[2020-07-02 14:05:23 #7 query] 
Error during query execution: select c from TupleClient c where c.iDClient = :idClient({idClient->3})

[2020-07-02 14:05:23 #8 *] 
java.lang.NullPointerException
	at com.objectdb.o.VAR.J(VAR.java:299)
	at com.objectdb.o.VAR.Zm(VAR.java:261)
	at com.objectdb.o.VAR.C(VAR.java:639)
	at com.objectdb.o.QNF.s(QNF.java:1106)
	at com.objectdb.o.QNF.s(QNF.java:1000)
	at com.objectdb.o.QNF.q(QNF.java:790)
	at com.objectdb.o.QNF.v(QNF.java:259)
	at com.objectdb.o.QNF.f(QNF.java:519)
	at com.objectdb.o.QNF.v(QNF.java:190)
	at com.objectdb.o.QNF.w(QNF.java:136)
	at com.objectdb.o.QRC.n(QRC.java:351)
	at com.objectdb.o.QRC.t(QRC.java:239)
	at com.objectdb.o.QRC.j(QRC.java:190)
	at com.objectdb.o.QRM.ZU(QRM.java:273)
	at com.objectdb.o.MST.ZU(MST.java:1003)
	at com.objectdb.o.WRA.ZU(WRA.java:313)
	at com.objectdb.o.WSM.ZU(WSM.java:117)
	at com.objectdb.o.STC.h(STC.java:465)
	at com.objectdb.o.SHN.I(SHN.java:490)
	at com.objectdb.o.SHN.w(SHN.java:156)
	at com.objectdb.o.HND.run(HND.java:134)
	at java.lang.Thread.run(Thread.java:748)

[2020-07-02 14:05:34 #9 client] 
java.lang.NullPointerException
	at com.objectdb.o.VAR.J(VAR.java:299)
	at com.objectdb.o.VAR.Zm(VAR.java:261)
	at com.objectdb.o.VAR.C(VAR.java:639)
	at com.objectdb.o.QNF.s(QNF.java:1106)
	at com.objectdb.o.QNF.s(QNF.java:1000)
	at com.objectdb.o.QNF.q(QNF.java:790)
	at com.objectdb.o.QNF.v(QNF.java:259)
	at com.objectdb.o.QNF.f(QNF.java:519)
	at com.objectdb.o.QNF.v(QNF.java:190)
	at com.objectdb.o.QNF.w(QNF.java:136)
	at com.objectdb.o.QRC.n(QRC.java:351)
	at com.objectdb.o.QRC.t(QRC.java:239)
	at com.objectdb.o.QRC.j(QRC.java:190)
	at com.objectdb.o.QRM.ZU(QRM.java:273)
	at com.objectdb.o.MST.ZU(MST.java:1003)
	at com.objectdb.o.WRA.ZU(WRA.java:313)
	at com.objectdb.o.WSM.ZU(WSM.java:117)
	at com.objectdb.o.STC.h(STC.java:465)
	at com.objectdb.o.SHN.I(SHN.java:490)
	at com.objectdb.o.SHN.w(SHN.java:156)
	at com.objectdb.o.HND.run(HND.java:134)
	at java.lang.Thread.run(Thread.java:748)

[2020-07-02 14:05:34 #10 query] 
Error during query execution: select c from TupleClient c where c.iDClient = :idClient({idClient->12})

[2020-07-02 14:05:34 #11 *] 
java.lang.NullPointerException
	at com.objectdb.o.VAR.J(VAR.java:299)
	at com.objectdb.o.VAR.Zm(VAR.java:261)
	at com.objectdb.o.VAR.C(VAR.java:639)
	at com.objectdb.o.QNF.s(QNF.java:1106)
	at com.objectdb.o.QNF.s(QNF.java:1000)
	at com.objectdb.o.QNF.q(QNF.java:790)
	at com.objectdb.o.QNF.v(QNF.java:259)
	at com.objectdb.o.QNF.f(QNF.java:519)
	at com.objectdb.o.QNF.v(QNF.java:190)
	at com.objectdb.o.QNF.w(QNF.java:136)
	at com.objectdb.o.QRC.n(QRC.java:351)
	at com.objectdb.o.QRC.t(QRC.java:239)
	at com.objectdb.o.QRC.j(QRC.java:190)
	at com.objectdb.o.QRM.ZU(QRM.java:273)
	at com.objectdb.o.MST.ZU(MST.java:1003)
	at com.objectdb.o.WRA.ZU(WRA.java:313)
	at com.objectdb.o.WSM.ZU(WSM.java:117)
	at com.objectdb.o.STC.h(STC.java:465)
	at com.objectdb.o.SHN.I(SHN.java:490)
	at com.objectdb.o.SHN.w(SHN.java:156)
	at com.objectdb.o.HND.run(HND.java:134)
	at java.lang.Thread.run(Thread.java:748)

------------------------------------------------------------------------------------------------------------------------

[2020-07-02 14:06:58 #1 type] 
Type AubergeInn.TupleClient is not enhanced.

[2020-07-02 14:06:58 #2 type] 
Type AubergeInn.TupleReservation is not enhanced.

------------------------------------------------------------------------------------------------------------------------

[2020-07-02 14:07:31 #1 type] 
Type AubergeInn.TupleClient is not enhanced.

[2020-07-02 14:07:31 #2 type] 
Type AubergeInn.TupleReservation is not enhanced.

[2020-07-02 14:07:44 #3 client] 
java.lang.NullPointerException
	at com.objectdb.o.VAR.J(VAR.java:299)
	at com.objectdb.o.VAR.Zm(VAR.java:261)
	at com.objectdb.o.VAR.C(VAR.java:639)
	at com.objectdb.o.QNF.s(QNF.java:1106)
	at com.objectdb.o.QNF.s(QNF.java:1000)
	at com.objectdb.o.QNF.q(QNF.java:790)
	at com.objectdb.o.QNF.v(QNF.java:259)
	at com.objectdb.o.QNF.f(QNF.java:519)
	at com.objectdb.o.QNF.v(QNF.java:190)
	at com.objectdb.o.QNF.w(QNF.java:136)
	at com.objectdb.o.QRC.n(QRC.java:351)
	at com.objectdb.o.QRC.t(QRC.java:239)
	at com.objectdb.o.QRC.j(QRC.java:190)
	at com.objectdb.o.QRM.ZU(QRM.java:273)
	at com.objectdb.o.MST.ZU(MST.java:1003)
	at com.objectdb.o.WRA.ZU(WRA.java:313)
	at com.objectdb.o.WSM.ZU(WSM.java:117)
	at com.objectdb.o.STC.h(STC.java:465)
	at com.objectdb.o.SHN.I(SHN.java:490)
	at com.objectdb.o.SHN.w(SHN.java:156)
	at com.objectdb.o.HND.run(HND.java:134)
	at java.lang.Thread.run(Thread.java:748)

[2020-07-02 14:07:44 #4 query] 
Error during query execution: select c from TupleClient c where c.iDClient = :idClient({idClient->4})

[2020-07-02 14:07:44 #5 *] 
java.lang.NullPointerException
	at com.objectdb.o.VAR.J(VAR.java:299)
	at com.objectdb.o.VAR.Zm(VAR.java:261)
	at com.objectdb.o.VAR.C(VAR.java:639)
	at com.objectdb.o.QNF.s(QNF.java:1106)
	at com.objectdb.o.QNF.s(QNF.java:1000)
	at com.objectdb.o.QNF.q(QNF.java:790)
	at com.objectdb.o.QNF.v(QNF.java:259)
	at com.objectdb.o.QNF.f(QNF.java:519)
	at com.objectdb.o.QNF.v(QNF.java:190)
	at com.objectdb.o.QNF.w(QNF.java:136)
	at com.objectdb.o.QRC.n(QRC.java:351)
	at com.objectdb.o.QRC.t(QRC.java:239)
	at com.objectdb.o.QRC.j(QRC.java:190)
	at com.objectdb.o.QRM.ZU(QRM.java:273)
	at com.objectdb.o.MST.ZU(MST.java:1003)
	at com.objectdb.o.WRA.ZU(WRA.java:313)
	at com.objectdb.o.WSM.ZU(WSM.java:117)
	at com.objectdb.o.STC.h(STC.java:465)
	at com.objectdb.o.SHN.I(SHN.java:490)
	at com.objectdb.o.SHN.w(SHN.java:156)
	at com.objectdb.o.HND.run(HND.java:134)
	at java.lang.Thread.run(Thread.java:748)

------------------------------------------------------------------------------------------------------------------------

[2020-07-02 14:14:24 #1 type] 
Type AubergeInn.TupleClient is not enhanced.

[2020-07-02 14:14:24 #2 type] 
Type AubergeInn.TupleReservation is not enhanced.

------------------------------------------------------------------------------------------------------------------------

[2020-07-02 14:14:27 #1 type] 
Type AubergeInn.TupleClient is not enhanced.

[2020-07-02 14:14:27 #2 type] 
Type AubergeInn.TupleReservation is not enhanced.

[2020-07-02 14:14:39 #3 client] 
java.lang.NullPointerException
	at com.objectdb.o.VAR.J(VAR.java:299)
	at com.objectdb.o.VAR.Zm(VAR.java:261)
	at com.objectdb.o.VAR.C(VAR.java:639)
	at com.objectdb.o.QNF.s(QNF.java:1106)
	at com.objectdb.o.QNF.s(QNF.java:1000)
	at com.objectdb.o.QNF.q(QNF.java:790)
	at com.objectdb.o.QNF.v(QNF.java:259)
	at com.objectdb.o.QNF.f(QNF.java:519)
	at com.objectdb.o.QNF.v(QNF.java:190)
	at com.objectdb.o.QNF.w(QNF.java:136)
	at com.objectdb.o.QRC.n(QRC.java:351)
	at com.objectdb.o.QRC.t(QRC.java:239)
	at com.objectdb.o.QRC.j(QRC.java:190)
	at com.objectdb.o.QRM.ZU(QRM.java:273)
	at com.objectdb.o.MST.ZU(MST.java:1003)
	at com.objectdb.o.WRA.ZU(WRA.java:313)
	at com.objectdb.o.WSM.ZU(WSM.java:117)
	at com.objectdb.o.STC.h(STC.java:465)
	at com.objectdb.o.SHN.I(SHN.java:490)
	at com.objectdb.o.SHN.w(SHN.java:156)
	at com.objectdb.o.HND.run(HND.java:134)
	at java.lang.Thread.run(Thread.java:748)

[2020-07-02 14:14:39 #4 query] 
Error during query execution: select c from TupleClient c where c.iDClient = :idClient({idClient->5})

[2020-07-02 14:14:39 #5 *] 
java.lang.NullPointerException
	at com.objectdb.o.VAR.J(VAR.java:299)
	at com.objectdb.o.VAR.Zm(VAR.java:261)
	at com.objectdb.o.VAR.C(VAR.java:639)
	at com.objectdb.o.QNF.s(QNF.java:1106)
	at com.objectdb.o.QNF.s(QNF.java:1000)
	at com.objectdb.o.QNF.q(QNF.java:790)
	at com.objectdb.o.QNF.v(QNF.java:259)
	at com.objectdb.o.QNF.f(QNF.java:519)
	at com.objectdb.o.QNF.v(QNF.java:190)
	at com.objectdb.o.QNF.w(QNF.java:136)
	at com.objectdb.o.QRC.n(QRC.java:351)
	at com.objectdb.o.QRC.t(QRC.java:239)
	at com.objectdb.o.QRC.j(QRC.java:190)
	at com.objectdb.o.QRM.ZU(QRM.java:273)
	at com.objectdb.o.MST.ZU(MST.java:1003)
	at com.objectdb.o.WRA.ZU(WRA.java:313)
	at com.objectdb.o.WSM.ZU(WSM.java:117)
	at com.objectdb.o.STC.h(STC.java:465)
	at com.objectdb.o.SHN.I(SHN.java:490)
	at com.objectdb.o.SHN.w(SHN.java:156)
	at com.objectdb.o.HND.run(HND.java:134)
	at java.lang.Thread.run(Thread.java:748)

------------------------------------------------------------------------------------------------------------------------

[2020-07-02 14:15:34 #1 type] 
Type AubergeInn.TupleClient is not enhanced.

[2020-07-02 14:15:34 #2 type] 
Type AubergeInn.TupleReservation is not enhanced.

[2020-07-02 14:15:40 #3 client] 
java.lang.NullPointerException
	at com.objectdb.o.VAR.J(VAR.java:299)
	at com.objectdb.o.VAR.Zm(VAR.java:261)
	at com.objectdb.o.VAR.C(VAR.java:639)
	at com.objectdb.o.QNF.s(QNF.java:1106)
	at com.objectdb.o.QNF.s(QNF.java:1000)
	at com.objectdb.o.QNF.q(QNF.java:790)
	at com.objectdb.o.QNF.v(QNF.java:259)
	at com.objectdb.o.QNF.f(QNF.java:519)
	at com.objectdb.o.QNF.v(QNF.java:190)
	at com.objectdb.o.QNF.w(QNF.java:136)
	at com.objectdb.o.QRC.n(QRC.java:351)
	at com.objectdb.o.QRC.t(QRC.java:239)
	at com.objectdb.o.QRC.j(QRC.java:190)
	at com.objectdb.o.QRM.ZU(QRM.java:273)
	at com.objectdb.o.MST.ZU(MST.java:1003)
	at com.objectdb.o.WRA.ZU(WRA.java:313)
	at com.objectdb.o.WSM.ZU(WSM.java:117)
	at com.objectdb.o.STC.h(STC.java:465)
	at com.objectdb.o.SHN.I(SHN.java:490)
	at com.objectdb.o.SHN.w(SHN.java:156)
	at com.objectdb.o.HND.run(HND.java:134)
	at java.lang.Thread.run(Thread.java:748)

[2020-07-02 14:15:40 #4 query] 
Error during query execution: select c from TupleClient c where c.iDClient = :idClient({idClient->1})

[2020-07-02 14:15:40 #5 *] 
java.lang.NullPointerException
	at com.objectdb.o.VAR.J(VAR.java:299)
	at com.objectdb.o.VAR.Zm(VAR.java:261)
	at com.objectdb.o.VAR.C(VAR.java:639)
	at com.objectdb.o.QNF.s(QNF.java:1106)
	at com.objectdb.o.QNF.s(QNF.java:1000)
	at com.objectdb.o.QNF.q(QNF.java:790)
	at com.objectdb.o.QNF.v(QNF.java:259)
	at com.objectdb.o.QNF.f(QNF.java:519)
	at com.objectdb.o.QNF.v(QNF.java:190)
	at com.objectdb.o.QNF.w(QNF.java:136)
	at com.objectdb.o.QRC.n(QRC.java:351)
	at com.objectdb.o.QRC.t(QRC.java:239)
	at com.objectdb.o.QRC.j(QRC.java:190)
	at com.objectdb.o.QRM.ZU(QRM.java:273)
	at com.objectdb.o.MST.ZU(MST.java:1003)
	at com.objectdb.o.WRA.ZU(WRA.java:313)
	at com.objectdb.o.WSM.ZU(WSM.java:117)
	at com.objectdb.o.STC.h(STC.java:465)
	at com.objectdb.o.SHN.I(SHN.java:490)
	at com.objectdb.o.SHN.w(SHN.java:156)
	at com.objectdb.o.HND.run(HND.java:134)
	at java.lang.Thread.run(Thread.java:748)

------------------------------------------------------------------------------------------------------------------------

[2020-07-02 14:28:45 #1 type] 
Type AubergeInn.TupleClient is not enhanced.

[2020-07-02 14:28:45 #2 type] 
Type AubergeInn.TupleReservation is not enhanced.

------------------------------------------------------------------------------------------------------------------------

[2020-07-02 19:34:56 #1 type] 
Type AubergeInn.TupleClient is not enhanced.

[2020-07-02 19:34:56 #2 type] 
Type AubergeInn.TupleReservation is not enhanced.

------------------------------------------------------------------------------------------------------------------------

[2020-07-02 19:35:03 #1 type] 
Type AubergeInn.TupleClient is not enhanced.

[2020-07-02 19:35:03 #2 type] 
Type AubergeInn.TupleReservation is not enhanced.

[2020-07-02 19:35:27 #3 client] 
java.lang.NullPointerException
	at com.objectdb.o.VAR.J(VAR.java:299)
	at com.objectdb.o.VAR.Zm(VAR.java:261)
	at com.objectdb.o.VAR.C(VAR.java:639)
	at com.objectdb.o.QNF.s(QNF.java:1106)
	at com.objectdb.o.QNF.s(QNF.java:1000)
	at com.objectdb.o.QNF.q(QNF.java:790)
	at com.objectdb.o.QNF.v(QNF.java:259)
	at com.objectdb.o.QNF.f(QNF.java:519)
	at com.objectdb.o.QNF.v(QNF.java:190)
	at com.objectdb.o.QNF.w(QNF.java:136)
	at com.objectdb.o.QRC.n(QRC.java:351)
	at com.objectdb.o.QRC.t(QRC.java:239)
	at com.objectdb.o.QRC.j(QRC.java:190)
	at com.objectdb.o.QRM.ZU(QRM.java:273)
	at com.objectdb.o.MST.ZU(MST.java:1003)
	at com.objectdb.o.WRA.ZU(WRA.java:313)
	at com.objectdb.o.WSM.ZU(WSM.java:117)
	at com.objectdb.o.STC.h(STC.java:465)
	at com.objectdb.o.SHN.I(SHN.java:490)
	at com.objectdb.o.SHN.w(SHN.java:156)
	at com.objectdb.o.HND.run(HND.java:134)
	at java.lang.Thread.run(Thread.java:748)

[2020-07-02 19:35:27 #4 query] 
Error during query execution: select c from TupleClient c where c.iDClient = :idClient({idClient->1})

[2020-07-02 19:35:27 #5 *] 
java.lang.NullPointerException
	at com.objectdb.o.VAR.J(VAR.java:299)
	at com.objectdb.o.VAR.Zm(VAR.java:261)
	at com.objectdb.o.VAR.C(VAR.java:639)
	at com.objectdb.o.QNF.s(QNF.java:1106)
	at com.objectdb.o.QNF.s(QNF.java:1000)
	at com.objectdb.o.QNF.q(QNF.java:790)
	at com.objectdb.o.QNF.v(QNF.java:259)
	at com.objectdb.o.QNF.f(QNF.java:519)
	at com.objectdb.o.QNF.v(QNF.java:190)
	at com.objectdb.o.QNF.w(QNF.java:136)
	at com.objectdb.o.QRC.n(QRC.java:351)
	at com.objectdb.o.QRC.t(QRC.java:239)
	at com.objectdb.o.QRC.j(QRC.java:190)
	at com.objectdb.o.QRM.ZU(QRM.java:273)
	at com.objectdb.o.MST.ZU(MST.java:1003)
	at com.objectdb.o.WRA.ZU(WRA.java:313)
	at com.objectdb.o.WSM.ZU(WSM.java:117)
	at com.objectdb.o.STC.h(STC.java:465)
	at com.objectdb.o.SHN.I(SHN.java:490)
	at com.objectdb.o.SHN.w(SHN.java:156)
	at com.objectdb.o.HND.run(HND.java:134)
	at java.lang.Thread.run(Thread.java:748)

[2020-07-02 19:37:28 #6 client] 
java.lang.NullPointerException
	at com.objectdb.o.VAR.J(VAR.java:299)
	at com.objectdb.o.VAR.Zm(VAR.java:261)
	at com.objectdb.o.VAR.C(VAR.java:639)
	at com.objectdb.o.QNF.s(QNF.java:1106)
	at com.objectdb.o.QNF.s(QNF.java:1000)
	at com.objectdb.o.QNF.q(QNF.java:790)
	at com.objectdb.o.QNF.v(QNF.java:259)
	at com.objectdb.o.QNF.f(QNF.java:519)
	at com.objectdb.o.QNF.v(QNF.java:190)
	at com.objectdb.o.QNF.w(QNF.java:136)
	at com.objectdb.o.QRC.n(QRC.java:351)
	at com.objectdb.o.QRC.t(QRC.java:239)
	at com.objectdb.o.QRC.j(QRC.java:190)
	at com.objectdb.o.QRM.ZU(QRM.java:273)
	at com.objectdb.o.MST.ZU(MST.java:1003)
	at com.objectdb.o.WRA.ZU(WRA.java:313)
	at com.objectdb.o.WSM.ZU(WSM.java:117)
	at com.objectdb.o.STC.h(STC.java:465)
	at com.objectdb.o.SHN.I(SHN.java:490)
	at com.objectdb.o.SHN.w(SHN.java:156)
	at com.objectdb.o.HND.run(HND.java:134)
	at java.lang.Thread.run(Thread.java:748)

[2020-07-02 19:37:28 #7 query] 
Error during query execution: select c from TupleClient c where c.iDClient = :idClient({idClient->1})

[2020-07-02 19:37:28 #8 *] 
java.lang.NullPointerException
	at com.objectdb.o.VAR.J(VAR.java:299)
	at com.objectdb.o.VAR.Zm(VAR.java:261)
	at com.objectdb.o.VAR.C(VAR.java:639)
	at com.objectdb.o.QNF.s(QNF.java:1106)
	at com.objectdb.o.QNF.s(QNF.java:1000)
	at com.objectdb.o.QNF.q(QNF.java:790)
	at com.objectdb.o.QNF.v(QNF.java:259)
	at com.objectdb.o.QNF.f(QNF.java:519)
	at com.objectdb.o.QNF.v(QNF.java:190)
	at com.objectdb.o.QNF.w(QNF.java:136)
	at com.objectdb.o.QRC.n(QRC.java:351)
	at com.objectdb.o.QRC.t(QRC.java:239)
	at com.objectdb.o.QRC.j(QRC.java:190)
	at com.objectdb.o.QRM.ZU(QRM.java:273)
	at com.objectdb.o.MST.ZU(MST.java:1003)
	at com.objectdb.o.WRA.ZU(WRA.java:313)
	at com.objectdb.o.WSM.ZU(WSM.java:117)
	at com.objectdb.o.STC.h(STC.java:465)
	at com.objectdb.o.SHN.I(SHN.java:490)
	at com.objectdb.o.SHN.w(SHN.java:156)
	at com.objectdb.o.HND.run(HND.java:134)
	at java.lang.Thread.run(Thread.java:748)

------------------------------------------------------------------------------------------------------------------------

[2020-07-02 19:38:40 #1 type] 
Type AubergeInn.TupleClient is not enhanced.

[2020-07-02 19:38:40 #2 type] 
Type AubergeInn.TupleReservation is not enhanced.

------------------------------------------------------------------------------------------------------------------------

[2020-07-02 19:39:39 #1 type] 
Type AubergeInn.TupleClient is not enhanced.

[2020-07-02 19:39:39 #2 type] 
Type AubergeInn.TupleReservation is not enhanced.

[2020-07-02 19:40:01 #3 client] 
java.lang.NullPointerException
	at com.objectdb.o.VAR.J(VAR.java:299)
	at com.objectdb.o.VAR.Zm(VAR.java:261)
	at com.objectdb.o.VAR.C(VAR.java:639)
	at com.objectdb.o.QNF.s(QNF.java:1106)
	at com.objectdb.o.QNF.s(QNF.java:1000)
	at com.objectdb.o.QNF.q(QNF.java:790)
	at com.objectdb.o.QNF.v(QNF.java:259)
	at com.objectdb.o.QNF.f(QNF.java:519)
	at com.objectdb.o.QNF.v(QNF.java:190)
	at com.objectdb.o.QNF.w(QNF.java:136)
	at com.objectdb.o.QRC.n(QRC.java:351)
	at com.objectdb.o.QRC.t(QRC.java:239)
	at com.objectdb.o.QRC.j(QRC.java:190)
	at com.objectdb.o.QRM.ZU(QRM.java:273)
	at com.objectdb.o.MST.ZU(MST.java:1003)
	at com.objectdb.o.WRA.ZU(WRA.java:313)
	at com.objectdb.o.WSM.ZU(WSM.java:117)
	at com.objectdb.o.STC.h(STC.java:465)
	at com.objectdb.o.SHN.I(SHN.java:490)
	at com.objectdb.o.SHN.w(SHN.java:156)
	at com.objectdb.o.HND.run(HND.java:134)
	at java.lang.Thread.run(Thread.java:748)

[2020-07-02 19:40:01 #4 query] 
Error during query execution: select c from TupleClient c where c.iDClient = :idClient({idClient->1})

[2020-07-02 19:40:01 #5 *] 
java.lang.NullPointerException
	at com.objectdb.o.VAR.J(VAR.java:299)
	at com.objectdb.o.VAR.Zm(VAR.java:261)
	at com.objectdb.o.VAR.C(VAR.java:639)
	at com.objectdb.o.QNF.s(QNF.java:1106)
	at com.objectdb.o.QNF.s(QNF.java:1000)
	at com.objectdb.o.QNF.q(QNF.java:790)
	at com.objectdb.o.QNF.v(QNF.java:259)
	at com.objectdb.o.QNF.f(QNF.java:519)
	at com.objectdb.o.QNF.v(QNF.java:190)
	at com.objectdb.o.QNF.w(QNF.java:136)
	at com.objectdb.o.QRC.n(QRC.java:351)
	at com.objectdb.o.QRC.t(QRC.java:239)
	at com.objectdb.o.QRC.j(QRC.java:190)
	at com.objectdb.o.QRM.ZU(QRM.java:273)
	at com.objectdb.o.MST.ZU(MST.java:1003)
	at com.objectdb.o.WRA.ZU(WRA.java:313)
	at com.objectdb.o.WSM.ZU(WSM.java:117)
	at com.objectdb.o.STC.h(STC.java:465)
	at com.objectdb.o.SHN.I(SHN.java:490)
	at com.objectdb.o.SHN.w(SHN.java:156)
	at com.objectdb.o.HND.run(HND.java:134)
	at java.lang.Thread.run(Thread.java:748)

------------------------------------------------------------------------------------------------------------------------

[2020-07-02 19:40:47 #1 type] 
Type AubergeInn.TupleClient is not enhanced.

------------------------------------------------------------------------------------------------------------------------

[2020-07-02 19:52:45 #1 type] 
Type AubergeInn.TupleClient is not enhanced.

------------------------------------------------------------------------------------------------------------------------

[2020-07-02 20:39:06 #1 store] 
Database 'D:\OfficielProject\IFT287_TP2\AubergeInn\ift287_6db.odb' is opened by 17232@DESKTOP-UE5C00P

[2020-07-02 20:39:06 #2 store] 
Configuration path: ?

[2020-07-02 20:39:07 #3 type.registry] 
New type AubergeInn.TupleClient

[2020-07-02 20:39:07 #4 type] 
Type AubergeInn.TupleClient is not enhanced.

[2020-07-02 20:39:07 #5 type.registry] 
New type AubergeInn.TupleReservation

------------------------------------------------------------------------------------------------------------------------

[2020-07-02 20:40:04 #1 store] 
Database 'D:\OfficielProject\IFT287_TP2\AubergeInn\ift287_6db.odb' is opened by 20892@DESKTOP-UE5C00P

[2020-07-02 20:40:04 #2 store] 
Configuration path: ?

[2020-07-02 20:40:04 #3 type.registry] 
New type AubergeInn.TupleClient

[2020-07-02 20:40:04 #4 type] 
Type AubergeInn.TupleClient is not enhanced.

[2020-07-02 20:40:04 #5 type.registry] 
New type AubergeInn.TupleReservation

[2020-07-02 20:40:04 #6 type] 
Type AubergeInn.TupleReservation is not enhanced.

